{"C:\\Users\\user\\OneDrive\\Documents\\WindSurf\\MedAlert\\Prototype_1\\medalert\\backend\\server.js": {"path":"C:\\Users\\user\\OneDrive\\Documents\\WindSurf\\MedAlert\\Prototype_1\\medalert\\backend\\server.js","statementMap":{"0":{"start":{"line":27,"column":0},"end":{"line":27,"column":16}},"1":{"start":{"line":28,"column":18},"end":{"line":28,"column":49}},"2":{"start":{"line":30,"column":19},"end":{"line":30,"column":28}},"3":{"start":{"line":31,"column":0},"end":{"line":31,"column":26}},"4":{"start":{"line":34,"column":0},"end":{"line":34,"column":24}},"5":{"start":{"line":35,"column":0},"end":{"line":40,"column":2}},"6":{"start":{"line":41,"column":0},"end":{"line":41,"column":18}},"7":{"start":{"line":42,"column":0},"end":{"line":48,"column":2}},"8":{"start":{"line":45,"column":26},"end":{"line":45,"column":53}},"9":{"start":{"line":49,"column":0},"end":{"line":54,"column":2}},"10":{"start":{"line":57,"column":0},"end":{"line":59,"column":3}},"11":{"start":{"line":58,"column":2},"end":{"line":58,"column":41}},"12":{"start":{"line":61,"column":0},"end":{"line":63,"column":3}},"13":{"start":{"line":62,"column":2},"end":{"line":62,"column":78}},"14":{"start":{"line":66,"column":0},"end":{"line":66,"column":33}},"15":{"start":{"line":67,"column":0},"end":{"line":67,"column":42}},"16":{"start":{"line":68,"column":0},"end":{"line":68,"column":43}},"17":{"start":{"line":69,"column":0},"end":{"line":69,"column":42}},"18":{"start":{"line":70,"column":0},"end":{"line":70,"column":41}},"19":{"start":{"line":71,"column":0},"end":{"line":71,"column":33}},"20":{"start":{"line":72,"column":0},"end":{"line":72,"column":33}},"21":{"start":{"line":73,"column":0},"end":{"line":73,"column":43}},"22":{"start":{"line":74,"column":0},"end":{"line":74,"column":35}},"23":{"start":{"line":75,"column":0},"end":{"line":75,"column":18}},"24":{"start":{"line":76,"column":0},"end":{"line":76,"column":22}},"25":{"start":{"line":78,"column":29},"end":{"line":104,"column":1}},"26":{"start":{"line":79,"column":2},"end":{"line":103,"column":3}},"27":{"start":{"line":80,"column":4},"end":{"line":80,"column":28}},"28":{"start":{"line":81,"column":4},"end":{"line":81,"column":32}},"29":{"start":{"line":83,"column":4},"end":{"line":83,"column":25}},"30":{"start":{"line":84,"column":4},"end":{"line":84,"column":56}},"31":{"start":{"line":86,"column":17},"end":{"line":86,"column":66}},"32":{"start":{"line":87,"column":4},"end":{"line":90,"column":5}},"33":{"start":{"line":88,"column":6},"end":{"line":88,"column":59}},"34":{"start":{"line":89,"column":6},"end":{"line":89,"column":56}},"35":{"start":{"line":92,"column":4},"end":{"line":92,"column":58}},"36":{"start":{"line":93,"column":4},"end":{"line":100,"column":5}},"37":{"start":{"line":94,"column":6},"end":{"line":94,"column":37}},"38":{"start":{"line":95,"column":6},"end":{"line":95,"column":56}},"39":{"start":{"line":97,"column":6},"end":{"line":99,"column":8}},"40":{"start":{"line":102,"column":4},"end":{"line":102,"column":24}},"41":{"start":{"line":106,"column":13},"end":{"line":106,"column":37}},"42":{"start":{"line":107,"column":0},"end":{"line":130,"column":1}},"43":{"start":{"line":108,"column":2},"end":{"line":108,"column":16}},"44":{"start":{"line":109,"column":2},"end":{"line":109,"column":20}},"45":{"start":{"line":111,"column":2},"end":{"line":129,"column":5}},"46":{"start":{"line":112,"column":4},"end":{"line":112,"column":50}},"47":{"start":{"line":113,"column":4},"end":{"line":113,"column":50}},"48":{"start":{"line":113,"column":29},"end":{"line":113,"column":48}},"49":{"start":{"line":114,"column":4},"end":{"line":114,"column":33}},"50":{"start":{"line":115,"column":4},"end":{"line":128,"column":5}},"51":{"start":{"line":116,"column":6},"end":{"line":126,"column":8}},"52":{"start":{"line":118,"column":10},"end":{"line":123,"column":11}},"53":{"start":{"line":119,"column":12},"end":{"line":119,"column":69}},"54":{"start":{"line":120,"column":12},"end":{"line":120,"column":48}},"55":{"start":{"line":122,"column":12},"end":{"line":122,"column":67}},"56":{"start":{"line":127,"column":6},"end":{"line":127,"column":47}},"57":{"start":{"line":132,"column":17},"end":{"line":142,"column":1}},"58":{"start":{"line":133,"column":2},"end":{"line":133,"column":54}},"59":{"start":{"line":134,"column":2},"end":{"line":141,"column":3}},"60":{"start":{"line":135,"column":4},"end":{"line":135,"column":24}},"61":{"start":{"line":136,"column":4},"end":{"line":136,"column":43}},"62":{"start":{"line":137,"column":4},"end":{"line":137,"column":20}},"63":{"start":{"line":139,"column":4},"end":{"line":139,"column":51}},"64":{"start":{"line":140,"column":4},"end":{"line":140,"column":20}},"65":{"start":{"line":144,"column":0},"end":{"line":144,"column":49}},"66":{"start":{"line":144,"column":28},"end":{"line":144,"column":47}},"67":{"start":{"line":145,"column":0},"end":{"line":145,"column":47}},"68":{"start":{"line":145,"column":27},"end":{"line":145,"column":45}}},"fnMap":{"0":{"name":"(anonymous_0)","decl":{"start":{"line":45,"column":13},"end":{"line":45,"column":14}},"loc":{"start":{"line":45,"column":26},"end":{"line":45,"column":53}},"line":45},"1":{"name":"(anonymous_1)","decl":{"start":{"line":57,"column":13},"end":{"line":57,"column":14}},"loc":{"start":{"line":57,"column":27},"end":{"line":59,"column":1}},"line":57},"2":{"name":"(anonymous_2)","decl":{"start":{"line":61,"column":19},"end":{"line":61,"column":20}},"loc":{"start":{"line":61,"column":33},"end":{"line":63,"column":1}},"line":61},"3":{"name":"(anonymous_3)","decl":{"start":{"line":78,"column":29},"end":{"line":78,"column":30}},"loc":{"start":{"line":78,"column":41},"end":{"line":104,"column":1}},"line":78},"4":{"name":"(anonymous_4)","decl":{"start":{"line":111,"column":19},"end":{"line":111,"column":20}},"loc":{"start":{"line":111,"column":31},"end":{"line":129,"column":3}},"line":111},"5":{"name":"(anonymous_5)","decl":{"start":{"line":113,"column":22},"end":{"line":113,"column":23}},"loc":{"start":{"line":113,"column":29},"end":{"line":113,"column":48}},"line":113},"6":{"name":"(anonymous_6)","decl":{"start":{"line":117,"column":8},"end":{"line":117,"column":9}},"loc":{"start":{"line":117,"column":20},"end":{"line":124,"column":9}},"line":117},"7":{"name":"(anonymous_7)","decl":{"start":{"line":132,"column":17},"end":{"line":132,"column":18}},"loc":{"start":{"line":132,"column":35},"end":{"line":142,"column":1}},"line":132},"8":{"name":"(anonymous_8)","decl":{"start":{"line":144,"column":22},"end":{"line":144,"column":23}},"loc":{"start":{"line":144,"column":28},"end":{"line":144,"column":47}},"line":144},"9":{"name":"(anonymous_9)","decl":{"start":{"line":145,"column":21},"end":{"line":145,"column":22}},"loc":{"start":{"line":145,"column":27},"end":{"line":145,"column":45}},"line":145}},"branchMap":{"0":{"loc":{"start":{"line":37,"column":12},"end":{"line":37,"column":61}},"type":"binary-expr","locations":[{"start":{"line":37,"column":12},"end":{"line":37,"column":34}},{"start":{"line":37,"column":38},"end":{"line":37,"column":61}}],"line":37},"1":{"loc":{"start":{"line":87,"column":4},"end":{"line":90,"column":5}},"type":"if","locations":[{"start":{"line":87,"column":4},"end":{"line":90,"column":5}},{"start":{},"end":{}}],"line":87},"2":{"loc":{"start":{"line":106,"column":13},"end":{"line":106,"column":37}},"type":"binary-expr","locations":[{"start":{"line":106,"column":13},"end":{"line":106,"column":29}},{"start":{"line":106,"column":33},"end":{"line":106,"column":37}}],"line":106},"3":{"loc":{"start":{"line":107,"column":0},"end":{"line":130,"column":1}},"type":"if","locations":[{"start":{"line":107,"column":0},"end":{"line":130,"column":1}},{"start":{},"end":{}}],"line":107},"4":{"loc":{"start":{"line":115,"column":4},"end":{"line":128,"column":5}},"type":"if","locations":[{"start":{"line":115,"column":4},"end":{"line":128,"column":5}},{"start":{},"end":{}}],"line":115}},"s":{"0":1,"1":1,"2":1,"3":1,"4":1,"5":1,"6":1,"7":1,"8":12,"9":1,"10":1,"11":0,"12":1,"13":0,"14":1,"15":1,"16":1,"17":1,"18":1,"19":1,"20":1,"21":1,"22":1,"23":1,"24":1,"25":1,"26":0,"27":0,"28":0,"29":0,"30":0,"31":0,"32":0,"33":0,"34":0,"35":0,"36":0,"37":0,"38":0,"39":0,"40":0,"41":1,"42":1,"43":0,"44":0,"45":0,"46":0,"47":0,"48":0,"49":0,"50":0,"51":0,"52":0,"53":0,"54":0,"55":0,"56":0,"57":1,"58":0,"59":0,"60":0,"61":0,"62":0,"63":0,"64":0,"65":1,"66":0,"67":1,"68":0},"f":{"0":12,"1":0,"2":0,"3":0,"4":0,"5":0,"6":0,"7":0,"8":0,"9":0},"b":{"0":[1,0],"1":[0,0],"2":[1,0],"3":[0,1],"4":[0,0]},"inputSourceMap":null,"_coverageSchema":"1a1c01bbd47fc00a2c39e90264f33305004495a9","hash":"1f7f8c2dca230b04e0dab7c57a249f55380e6c52"}
,"C:\\Users\\user\\OneDrive\\Documents\\WindSurf\\MedAlert\\Prototype_1\\medalert\\backend\\config\\agenda.js": {"path":"C:\\Users\\user\\OneDrive\\Documents\\WindSurf\\MedAlert\\Prototype_1\\medalert\\backend\\config\\agenda.js","statementMap":{"0":{"start":{"line":5,"column":0},"end":{"line":5,"column":16}},"1":{"start":{"line":7,"column":15},"end":{"line":10,"column":2}}},"fnMap":{},"branchMap":{},"s":{"0":1,"1":1},"f":{},"b":{},"inputSourceMap":null,"_coverageSchema":"1a1c01bbd47fc00a2c39e90264f33305004495a9","hash":"a4b59af2ecdf502fcbe7eaec6863e9633efe5060"}
,"C:\\Users\\user\\OneDrive\\Documents\\WindSurf\\MedAlert\\Prototype_1\\medalert\\backend\\config\\db.js": {"path":"C:\\Users\\user\\OneDrive\\Documents\\WindSurf\\MedAlert\\Prototype_1\\medalert\\backend\\config\\db.js","statementMap":{"0":{"start":{"line":4,"column":18},"end":{"line":12,"column":1}},"1":{"start":{"line":5,"column":2},"end":{"line":11,"column":3}},"2":{"start":{"line":6,"column":4},"end":{"line":6,"column":50}},"3":{"start":{"line":7,"column":4},"end":{"line":7,"column":39}},"4":{"start":{"line":9,"column":4},"end":{"line":9,"column":63}},"5":{"start":{"line":10,"column":4},"end":{"line":10,"column":20}}},"fnMap":{"0":{"name":"(anonymous_0)","decl":{"start":{"line":4,"column":18},"end":{"line":4,"column":19}},"loc":{"start":{"line":4,"column":30},"end":{"line":12,"column":1}},"line":4}},"branchMap":{},"s":{"0":1,"1":0,"2":0,"3":0,"4":0,"5":0},"f":{"0":0},"b":{},"inputSourceMap":null,"_coverageSchema":"1a1c01bbd47fc00a2c39e90264f33305004495a9","hash":"10a7539f6609a45969adb11bfbc12c52745fd29d"}
,"C:\\Users\\user\\OneDrive\\Documents\\WindSurf\\MedAlert\\Prototype_1\\medalert\\backend\\config\\validateEnv.js": {"path":"C:\\Users\\user\\OneDrive\\Documents\\WindSurf\\MedAlert\\Prototype_1\\medalert\\backend\\config\\validateEnv.js","statementMap":{"0":{"start":{"line":2,"column":22},"end":{"line":9,"column":1}},"1":{"start":{"line":12,"column":18},"end":{"line":12,"column":66}},"2":{"start":{"line":12,"column":48},"end":{"line":12,"column":65}},"3":{"start":{"line":14,"column":2},"end":{"line":19,"column":3}},"4":{"start":{"line":15,"column":4},"end":{"line":15,"column":63}},"5":{"start":{"line":16,"column":4},"end":{"line":16,"column":59}},"6":{"start":{"line":16,"column":29},"end":{"line":16,"column":57}},"7":{"start":{"line":17,"column":4},"end":{"line":17,"column":63}},"8":{"start":{"line":18,"column":4},"end":{"line":18,"column":20}},"9":{"start":{"line":22,"column":19},"end":{"line":35,"column":3}},"10":{"start":{"line":37,"column":26},"end":{"line":39,"column":3}},"11":{"start":{"line":38,"column":17},"end":{"line":38,"column":42}},"12":{"start":{"line":40,"column":2},"end":{"line":47,"column":3}},"13":{"start":{"line":41,"column":4},"end":{"line":43,"column":6}},"14":{"start":{"line":44,"column":4},"end":{"line":46,"column":6}},"15":{"start":{"line":45,"column":6},"end":{"line":45,"column":48}},"16":{"start":{"line":49,"column":2},"end":{"line":49,"column":52}}},"fnMap":{"0":{"name":"validateEnv","decl":{"start":{"line":11,"column":16},"end":{"line":11,"column":27}},"loc":{"start":{"line":11,"column":30},"end":{"line":50,"column":1}},"line":11},"1":{"name":"(anonymous_1)","decl":{"start":{"line":12,"column":39},"end":{"line":12,"column":40}},"loc":{"start":{"line":12,"column":48},"end":{"line":12,"column":65}},"line":12},"2":{"name":"(anonymous_2)","decl":{"start":{"line":16,"column":20},"end":{"line":16,"column":21}},"loc":{"start":{"line":16,"column":29},"end":{"line":16,"column":57}},"line":16},"3":{"name":"(anonymous_3)","decl":{"start":{"line":38,"column":4},"end":{"line":38,"column":5}},"loc":{"start":{"line":38,"column":17},"end":{"line":38,"column":42}},"line":38},"4":{"name":"(anonymous_4)","decl":{"start":{"line":44,"column":28},"end":{"line":44,"column":29}},"loc":{"start":{"line":45,"column":6},"end":{"line":45,"column":48}},"line":45}},"branchMap":{"0":{"loc":{"start":{"line":14,"column":2},"end":{"line":19,"column":3}},"type":"if","locations":[{"start":{"line":14,"column":2},"end":{"line":19,"column":3}},{"start":{},"end":{}}],"line":14},"1":{"loc":{"start":{"line":40,"column":2},"end":{"line":47,"column":3}},"type":"if","locations":[{"start":{"line":40,"column":2},"end":{"line":47,"column":3}},{"start":{},"end":{}}],"line":40}},"s":{"0":1,"1":0,"2":0,"3":0,"4":0,"5":0,"6":0,"7":0,"8":0,"9":0,"10":0,"11":0,"12":0,"13":0,"14":0,"15":0,"16":0},"f":{"0":0,"1":0,"2":0,"3":0,"4":0},"b":{"0":[0,0],"1":[0,0]},"inputSourceMap":null,"_coverageSchema":"1a1c01bbd47fc00a2c39e90264f33305004495a9","hash":"a5c8b26c20725b0d94f017e9b83f7e949cace87d"}
,"C:\\Users\\user\\OneDrive\\Documents\\WindSurf\\MedAlert\\Prototype_1\\medalert\\backend\\controllers\\adminController.js": {"path":"C:\\Users\\user\\OneDrive\\Documents\\WindSurf\\MedAlert\\Prototype_1\\medalert\\backend\\controllers\\adminController.js","statementMap":{"0":{"start":{"line":6,"column":22},"end":{"line":7,"column":63}},"1":{"start":{"line":7,"column":2},"end":{"line":7,"column":63}},"2":{"start":{"line":9,"column":18},"end":{"line":18,"column":1}},"3":{"start":{"line":10,"column":16},"end":{"line":10,"column":26}},"4":{"start":{"line":11,"column":16},"end":{"line":11,"column":18}},"5":{"start":{"line":12,"column":2},"end":{"line":16,"column":3}},"6":{"start":{"line":12,"column":15},"end":{"line":12,"column":23}},"7":{"start":{"line":13,"column":14},"end":{"line":13,"column":29}},"8":{"start":{"line":14,"column":4},"end":{"line":14,"column":35}},"9":{"start":{"line":15,"column":4},"end":{"line":15,"column":33}},"10":{"start":{"line":17,"column":2},"end":{"line":17,"column":15}},"11":{"start":{"line":20,"column":18},"end":{"line":20,"column":59}},"12":{"start":{"line":20,"column":28},"end":{"line":20,"column":59}},"13":{"start":{"line":22,"column":22},"end":{"line":28,"column":1}},"14":{"start":{"line":23,"column":18},"end":{"line":23,"column":63}},"15":{"start":{"line":23,"column":45},"end":{"line":23,"column":61}},"16":{"start":{"line":24,"column":2},"end":{"line":27,"column":5}},"17":{"start":{"line":25,"column":16},"end":{"line":25,"column":28}},"18":{"start":{"line":26,"column":4},"end":{"line":26,"column":56}},"19":{"start":{"line":30,"column":29},"end":{"line":69,"column":1}},"20":{"start":{"line":31,"column":2},"end":{"line":68,"column":3}},"21":{"start":{"line":32,"column":16},"end":{"line":32,"column":26}},"22":{"start":{"line":33,"column":21},"end":{"line":33,"column":31}},"23":{"start":{"line":34,"column":4},"end":{"line":34,"column":41}},"24":{"start":{"line":44,"column":8},"end":{"line":55,"column":6}},"25":{"start":{"line":57,"column":4},"end":{"line":65,"column":7}},"26":{"start":{"line":67,"column":4},"end":{"line":67,"column":16}},"27":{"start":{"line":71,"column":27},"end":{"line":107,"column":1}},"28":{"start":{"line":72,"column":2},"end":{"line":106,"column":3}},"29":{"start":{"line":73,"column":23},"end":{"line":73,"column":32}},"30":{"start":{"line":74,"column":19},"end":{"line":74,"column":21}},"31":{"start":{"line":76,"column":4},"end":{"line":81,"column":5}},"32":{"start":{"line":77,"column":6},"end":{"line":80,"column":8}},"33":{"start":{"line":83,"column":18},"end":{"line":86,"column":13}},"34":{"start":{"line":88,"column":20},"end":{"line":88,"column":43}},"35":{"start":{"line":88,"column":37},"end":{"line":88,"column":42}},"36":{"start":{"line":89,"column":27},"end":{"line":92,"column":6}},"37":{"start":{"line":94,"column":29},"end":{"line":96,"column":5}},"38":{"start":{"line":95,"column":34},"end":{"line":95,"column":65}},"39":{"start":{"line":98,"column":4},"end":{"line":103,"column":6}},"40":{"start":{"line":99,"column":24},"end":{"line":102,"column":7}},"41":{"start":{"line":105,"column":4},"end":{"line":105,"column":16}},"42":{"start":{"line":109,"column":32},"end":{"line":133,"column":1}},"43":{"start":{"line":110,"column":2},"end":{"line":132,"column":3}},"44":{"start":{"line":111,"column":4},"end":{"line":113,"column":5}},"45":{"start":{"line":112,"column":6},"end":{"line":112,"column":82}},"46":{"start":{"line":115,"column":17},"end":{"line":115,"column":51}},"47":{"start":{"line":116,"column":4},"end":{"line":118,"column":5}},"48":{"start":{"line":117,"column":6},"end":{"line":117,"column":65}},"49":{"start":{"line":120,"column":4},"end":{"line":120,"column":35}},"50":{"start":{"line":121,"column":4},"end":{"line":121,"column":22}},"51":{"start":{"line":123,"column":4},"end":{"line":129,"column":7}},"52":{"start":{"line":131,"column":4},"end":{"line":131,"column":16}},"53":{"start":{"line":135,"column":28},"end":{"line":150,"column":1}},"54":{"start":{"line":136,"column":2},"end":{"line":149,"column":3}},"55":{"start":{"line":137,"column":19},"end":{"line":137,"column":21}},"56":{"start":{"line":138,"column":4},"end":{"line":140,"column":5}},"57":{"start":{"line":139,"column":6},"end":{"line":139,"column":46}},"58":{"start":{"line":142,"column":19},"end":{"line":144,"column":30}},"59":{"start":{"line":146,"column":4},"end":{"line":146,"column":21}},"60":{"start":{"line":148,"column":4},"end":{"line":148,"column":16}},"61":{"start":{"line":152,"column":30},"end":{"line":168,"column":1}},"62":{"start":{"line":153,"column":2},"end":{"line":167,"column":3}},"63":{"start":{"line":154,"column":16},"end":{"line":154,"column":26}},"64":{"start":{"line":155,"column":21},"end":{"line":155,"column":31}},"65":{"start":{"line":156,"column":4},"end":{"line":156,"column":41}},"66":{"start":{"line":158,"column":22},"end":{"line":162,"column":40}},"67":{"start":{"line":164,"column":4},"end":{"line":164,"column":24}},"68":{"start":{"line":166,"column":4},"end":{"line":166,"column":16}},"69":{"start":{"line":170,"column":28},"end":{"line":221,"column":1}},"70":{"start":{"line":171,"column":2},"end":{"line":220,"column":3}},"71":{"start":{"line":173,"column":6},"end":{"line":178,"column":8}},"72":{"start":{"line":180,"column":33},"end":{"line":182,"column":9}},"73":{"start":{"line":184,"column":25},"end":{"line":184,"column":50}},"74":{"start":{"line":185,"column":4},"end":{"line":185,"column":53}},"75":{"start":{"line":187,"column":41},"end":{"line":208,"column":6}},"76":{"start":{"line":210,"column":4},"end":{"line":217,"column":7}},"77":{"start":{"line":219,"column":4},"end":{"line":219,"column":16}}},"fnMap":{"0":{"name":"(anonymous_0)","decl":{"start":{"line":6,"column":22},"end":{"line":6,"column":23}},"loc":{"start":{"line":7,"column":2},"end":{"line":7,"column":63}},"line":7},"1":{"name":"(anonymous_1)","decl":{"start":{"line":9,"column":18},"end":{"line":9,"column":19}},"loc":{"start":{"line":9,"column":28},"end":{"line":18,"column":1}},"line":9},"2":{"name":"(anonymous_2)","decl":{"start":{"line":20,"column":18},"end":{"line":20,"column":19}},"loc":{"start":{"line":20,"column":28},"end":{"line":20,"column":59}},"line":20},"3":{"name":"(anonymous_3)","decl":{"start":{"line":22,"column":22},"end":{"line":22,"column":23}},"loc":{"start":{"line":22,"column":50},"end":{"line":28,"column":1}},"line":22},"4":{"name":"(anonymous_4)","decl":{"start":{"line":23,"column":38},"end":{"line":23,"column":39}},"loc":{"start":{"line":23,"column":45},"end":{"line":23,"column":61}},"line":23},"5":{"name":"(anonymous_5)","decl":{"start":{"line":24,"column":29},"end":{"line":24,"column":30}},"loc":{"start":{"line":24,"column":36},"end":{"line":27,"column":3}},"line":24},"6":{"name":"(anonymous_6)","decl":{"start":{"line":30,"column":29},"end":{"line":30,"column":30}},"loc":{"start":{"line":30,"column":55},"end":{"line":69,"column":1}},"line":30},"7":{"name":"(anonymous_7)","decl":{"start":{"line":71,"column":27},"end":{"line":71,"column":28}},"loc":{"start":{"line":71,"column":53},"end":{"line":107,"column":1}},"line":71},"8":{"name":"(anonymous_8)","decl":{"start":{"line":88,"column":30},"end":{"line":88,"column":31}},"loc":{"start":{"line":88,"column":37},"end":{"line":88,"column":42}},"line":88},"9":{"name":"(anonymous_9)","decl":{"start":{"line":95,"column":25},"end":{"line":95,"column":26}},"loc":{"start":{"line":95,"column":34},"end":{"line":95,"column":65}},"line":95},"10":{"name":"(anonymous_10)","decl":{"start":{"line":99,"column":16},"end":{"line":99,"column":17}},"loc":{"start":{"line":99,"column":24},"end":{"line":102,"column":7}},"line":99},"11":{"name":"(anonymous_11)","decl":{"start":{"line":109,"column":32},"end":{"line":109,"column":33}},"loc":{"start":{"line":109,"column":58},"end":{"line":133,"column":1}},"line":109},"12":{"name":"(anonymous_12)","decl":{"start":{"line":135,"column":28},"end":{"line":135,"column":29}},"loc":{"start":{"line":135,"column":54},"end":{"line":150,"column":1}},"line":135},"13":{"name":"(anonymous_13)","decl":{"start":{"line":152,"column":30},"end":{"line":152,"column":31}},"loc":{"start":{"line":152,"column":56},"end":{"line":168,"column":1}},"line":152},"14":{"name":"(anonymous_14)","decl":{"start":{"line":170,"column":28},"end":{"line":170,"column":29}},"loc":{"start":{"line":170,"column":54},"end":{"line":221,"column":1}},"line":170}},"branchMap":{"0":{"loc":{"start":{"line":22,"column":37},"end":{"line":22,"column":45}},"type":"default-arg","locations":[{"start":{"line":22,"column":44},"end":{"line":22,"column":45}}],"line":22},"1":{"loc":{"start":{"line":26,"column":32},"end":{"line":26,"column":53}},"type":"binary-expr","locations":[{"start":{"line":26,"column":32},"end":{"line":26,"column":48}},{"start":{"line":26,"column":52},"end":{"line":26,"column":53}}],"line":26},"2":{"loc":{"start":{"line":76,"column":4},"end":{"line":81,"column":5}},"type":"if","locations":[{"start":{"line":76,"column":4},"end":{"line":81,"column":5}},{"start":{},"end":{}}],"line":76},"3":{"loc":{"start":{"line":101,"column":23},"end":{"line":101,"column":66}},"type":"binary-expr","locations":[{"start":{"line":101,"column":23},"end":{"line":101,"column":61}},{"start":{"line":101,"column":65},"end":{"line":101,"column":66}}],"line":101},"4":{"loc":{"start":{"line":111,"column":4},"end":{"line":113,"column":5}},"type":"if","locations":[{"start":{"line":111,"column":4},"end":{"line":113,"column":5}},{"start":{},"end":{}}],"line":111},"5":{"loc":{"start":{"line":116,"column":4},"end":{"line":118,"column":5}},"type":"if","locations":[{"start":{"line":116,"column":4},"end":{"line":118,"column":5}},{"start":{},"end":{}}],"line":116},"6":{"loc":{"start":{"line":138,"column":4},"end":{"line":140,"column":5}},"type":"if","locations":[{"start":{"line":138,"column":4},"end":{"line":140,"column":5}},{"start":{},"end":{}}],"line":138},"7":{"loc":{"start":{"line":180,"column":33},"end":{"line":182,"column":9}},"type":"cond-expr","locations":[{"start":{"line":181,"column":8},"end":{"line":181,"column":75}},{"start":{"line":182,"column":8},"end":{"line":182,"column":9}}],"line":180}},"s":{"0":1,"1":0,"2":1,"3":0,"4":0,"5":0,"6":0,"7":0,"8":0,"9":0,"10":0,"11":1,"12":0,"13":1,"14":0,"15":0,"16":0,"17":0,"18":0,"19":1,"20":0,"21":0,"22":0,"23":0,"24":0,"25":0,"26":0,"27":1,"28":0,"29":0,"30":0,"31":0,"32":0,"33":0,"34":0,"35":0,"36":0,"37":0,"38":0,"39":0,"40":0,"41":0,"42":1,"43":0,"44":0,"45":0,"46":0,"47":0,"48":0,"49":0,"50":0,"51":0,"52":0,"53":1,"54":0,"55":0,"56":0,"57":0,"58":0,"59":0,"60":0,"61":1,"62":0,"63":0,"64":0,"65":0,"66":0,"67":0,"68":0,"69":1,"70":0,"71":0,"72":0,"73":0,"74":0,"75":0,"76":0,"77":0},"f":{"0":0,"1":0,"2":0,"3":0,"4":0,"5":0,"6":0,"7":0,"8":0,"9":0,"10":0,"11":0,"12":0,"13":0,"14":0},"b":{"0":[0],"1":[0,0],"2":[0,0],"3":[0,0],"4":[0,0],"5":[0,0],"6":[0,0],"7":[0,0]},"inputSourceMap":null,"_coverageSchema":"1a1c01bbd47fc00a2c39e90264f33305004495a9","hash":"39c1d327c350bf6712363ed3afa213b65499b104"}
,"C:\\Users\\user\\OneDrive\\Documents\\WindSurf\\MedAlert\\Prototype_1\\medalert\\backend\\controllers\\authController.js": {"path":"C:\\Users\\user\\OneDrive\\Documents\\WindSurf\\MedAlert\\Prototype_1\\medalert\\backend\\controllers\\authController.js","statementMap":{"0":{"start":{"line":8,"column":22},"end":{"line":10,"column":1}},"1":{"start":{"line":9,"column":2},"end":{"line":9,"column":71}},"2":{"start":{"line":12,"column":21},"end":{"line":18,"column":2}},"3":{"start":{"line":12,"column":32},"end":{"line":18,"column":1}},"4":{"start":{"line":21,"column":28},"end":{"line":37,"column":1}},"5":{"start":{"line":22,"column":2},"end":{"line":36,"column":3}},"6":{"start":{"line":23,"column":38},"end":{"line":23,"column":46}},"7":{"start":{"line":25,"column":4},"end":{"line":26,"column":74}},"8":{"start":{"line":26,"column":6},"end":{"line":26,"column":74}},"9":{"start":{"line":28,"column":23},"end":{"line":28,"column":52}},"10":{"start":{"line":29,"column":4},"end":{"line":30,"column":70}},"11":{"start":{"line":30,"column":6},"end":{"line":30,"column":70}},"12":{"start":{"line":32,"column":17},"end":{"line":32,"column":61}},"13":{"start":{"line":33,"column":4},"end":{"line":33,"column":45}},"14":{"start":{"line":35,"column":4},"end":{"line":35,"column":14}},"15":{"start":{"line":40,"column":25},"end":{"line":53,"column":1}},"16":{"start":{"line":41,"column":2},"end":{"line":52,"column":3}},"17":{"start":{"line":42,"column":32},"end":{"line":42,"column":40}},"18":{"start":{"line":44,"column":17},"end":{"line":44,"column":46}},"19":{"start":{"line":45,"column":4},"end":{"line":49,"column":5}},"20":{"start":{"line":46,"column":6},"end":{"line":46,"column":35}},"21":{"start":{"line":48,"column":6},"end":{"line":48,"column":69}},"22":{"start":{"line":51,"column":4},"end":{"line":51,"column":14}},"23":{"start":{"line":58,"column":21},"end":{"line":78,"column":1}},"24":{"start":{"line":59,"column":2},"end":{"line":77,"column":3}},"25":{"start":{"line":61,"column":17},"end":{"line":61,"column":69}},"26":{"start":{"line":63,"column":4},"end":{"line":65,"column":5}},"27":{"start":{"line":64,"column":6},"end":{"line":64,"column":65}},"28":{"start":{"line":67,"column":4},"end":{"line":74,"column":7}},"29":{"start":{"line":76,"column":4},"end":{"line":76,"column":14}},"30":{"start":{"line":83,"column":29},"end":{"line":116,"column":1}},"31":{"start":{"line":84,"column":2},"end":{"line":115,"column":3}},"32":{"start":{"line":85,"column":43},"end":{"line":85,"column":51}},"33":{"start":{"line":87,"column":17},"end":{"line":87,"column":49}},"34":{"start":{"line":88,"column":4},"end":{"line":90,"column":5}},"35":{"start":{"line":89,"column":6},"end":{"line":89,"column":65}},"36":{"start":{"line":92,"column":4},"end":{"line":92,"column":45}},"37":{"start":{"line":92,"column":28},"end":{"line":92,"column":45}},"38":{"start":{"line":93,"column":4},"end":{"line":93,"column":48}},"39":{"start":{"line":93,"column":29},"end":{"line":93,"column":48}},"40":{"start":{"line":94,"column":4},"end":{"line":101,"column":5}},"41":{"start":{"line":95,"column":6},"end":{"line":96,"column":55}},"42":{"start":{"line":96,"column":8},"end":{"line":96,"column":55}},"43":{"start":{"line":97,"column":6},"end":{"line":98,"column":53}},"44":{"start":{"line":98,"column":8},"end":{"line":98,"column":53}},"45":{"start":{"line":99,"column":6},"end":{"line":100,"column":51}},"46":{"start":{"line":100,"column":8},"end":{"line":100,"column":51}},"47":{"start":{"line":103,"column":4},"end":{"line":103,"column":22}},"48":{"start":{"line":105,"column":4},"end":{"line":112,"column":7}},"49":{"start":{"line":114,"column":4},"end":{"line":114,"column":14}},"50":{"start":{"line":118,"column":30},"end":{"line":164,"column":1}},"51":{"start":{"line":119,"column":2},"end":{"line":163,"column":3}},"52":{"start":{"line":120,"column":22},"end":{"line":120,"column":30}},"53":{"start":{"line":121,"column":17},"end":{"line":121,"column":46}},"54":{"start":{"line":123,"column":4},"end":{"line":127,"column":5}},"55":{"start":{"line":124,"column":6},"end":{"line":126,"column":71}},"56":{"start":{"line":129,"column":21},"end":{"line":129,"column":59}},"57":{"start":{"line":130,"column":24},"end":{"line":133,"column":20}},"58":{"start":{"line":135,"column":4},"end":{"line":135,"column":42}},"59":{"start":{"line":136,"column":4},"end":{"line":136,"column":69}},"60":{"start":{"line":137,"column":4},"end":{"line":137,"column":22}},"61":{"start":{"line":139,"column":4},"end":{"line":160,"column":5}},"62":{"start":{"line":140,"column":23},"end":{"line":140,"column":83}},"63":{"start":{"line":141,"column":22},"end":{"line":141,"column":57}},"64":{"start":{"line":142,"column":19},"end":{"line":142,"column":201}},"65":{"start":{"line":143,"column":19},"end":{"line":151,"column":7}},"66":{"start":{"line":153,"column":6},"end":{"line":153,"column":55}},"67":{"start":{"line":154,"column":6},"end":{"line":154,"column":76}},"68":{"start":{"line":156,"column":6},"end":{"line":156,"column":42}},"69":{"start":{"line":157,"column":6},"end":{"line":157,"column":43}},"70":{"start":{"line":158,"column":6},"end":{"line":158,"column":24}},"71":{"start":{"line":159,"column":6},"end":{"line":159,"column":77}},"72":{"start":{"line":162,"column":4},"end":{"line":162,"column":14}},"73":{"start":{"line":166,"column":29},"end":{"line":197,"column":1}},"74":{"start":{"line":167,"column":2},"end":{"line":196,"column":3}},"75":{"start":{"line":168,"column":35},"end":{"line":168,"column":43}},"76":{"start":{"line":169,"column":24},"end":{"line":169,"column":79}},"77":{"start":{"line":171,"column":17},"end":{"line":174,"column":6}},"78":{"start":{"line":176,"column":4},"end":{"line":180,"column":5}},"79":{"start":{"line":177,"column":6},"end":{"line":179,"column":68}},"80":{"start":{"line":182,"column":4},"end":{"line":186,"column":5}},"81":{"start":{"line":183,"column":6},"end":{"line":185,"column":69}},"82":{"start":{"line":188,"column":4},"end":{"line":188,"column":32}},"83":{"start":{"line":189,"column":4},"end":{"line":189,"column":40}},"84":{"start":{"line":190,"column":4},"end":{"line":190,"column":41}},"85":{"start":{"line":191,"column":4},"end":{"line":191,"column":22}},"86":{"start":{"line":193,"column":4},"end":{"line":193,"column":45}},"87":{"start":{"line":195,"column":4},"end":{"line":195,"column":14}}},"fnMap":{"0":{"name":"(anonymous_0)","decl":{"start":{"line":8,"column":22},"end":{"line":8,"column":23}},"loc":{"start":{"line":8,"column":30},"end":{"line":10,"column":1}},"line":8},"1":{"name":"(anonymous_1)","decl":{"start":{"line":12,"column":21},"end":{"line":12,"column":22}},"loc":{"start":{"line":12,"column":32},"end":{"line":18,"column":1}},"line":12},"2":{"name":"(anonymous_2)","decl":{"start":{"line":21,"column":28},"end":{"line":21,"column":29}},"loc":{"start":{"line":21,"column":54},"end":{"line":37,"column":1}},"line":21},"3":{"name":"(anonymous_3)","decl":{"start":{"line":40,"column":25},"end":{"line":40,"column":26}},"loc":{"start":{"line":40,"column":51},"end":{"line":53,"column":1}},"line":40},"4":{"name":"(anonymous_4)","decl":{"start":{"line":58,"column":21},"end":{"line":58,"column":22}},"loc":{"start":{"line":58,"column":47},"end":{"line":78,"column":1}},"line":58},"5":{"name":"(anonymous_5)","decl":{"start":{"line":83,"column":29},"end":{"line":83,"column":30}},"loc":{"start":{"line":83,"column":55},"end":{"line":116,"column":1}},"line":83},"6":{"name":"(anonymous_6)","decl":{"start":{"line":118,"column":30},"end":{"line":118,"column":31}},"loc":{"start":{"line":118,"column":56},"end":{"line":164,"column":1}},"line":118},"7":{"name":"(anonymous_7)","decl":{"start":{"line":166,"column":29},"end":{"line":166,"column":30}},"loc":{"start":{"line":166,"column":55},"end":{"line":197,"column":1}},"line":166}},"branchMap":{"0":{"loc":{"start":{"line":25,"column":4},"end":{"line":26,"column":74}},"type":"if","locations":[{"start":{"line":25,"column":4},"end":{"line":26,"column":74}},{"start":{},"end":{}}],"line":25},"1":{"loc":{"start":{"line":25,"column":8},"end":{"line":25,"column":36}},"type":"binary-expr","locations":[{"start":{"line":25,"column":8},"end":{"line":25,"column":13}},{"start":{"line":25,"column":17},"end":{"line":25,"column":23}},{"start":{"line":25,"column":27},"end":{"line":25,"column":36}}],"line":25},"2":{"loc":{"start":{"line":29,"column":4},"end":{"line":30,"column":70}},"type":"if","locations":[{"start":{"line":29,"column":4},"end":{"line":30,"column":70}},{"start":{},"end":{}}],"line":29},"3":{"loc":{"start":{"line":45,"column":4},"end":{"line":49,"column":5}},"type":"if","locations":[{"start":{"line":45,"column":4},"end":{"line":49,"column":5}},{"start":{"line":47,"column":11},"end":{"line":49,"column":5}}],"line":45},"4":{"loc":{"start":{"line":45,"column":8},"end":{"line":45,"column":52}},"type":"binary-expr","locations":[{"start":{"line":45,"column":8},"end":{"line":45,"column":12}},{"start":{"line":45,"column":17},"end":{"line":45,"column":51}}],"line":45},"5":{"loc":{"start":{"line":63,"column":4},"end":{"line":65,"column":5}},"type":"if","locations":[{"start":{"line":63,"column":4},"end":{"line":65,"column":5}},{"start":{},"end":{}}],"line":63},"6":{"loc":{"start":{"line":88,"column":4},"end":{"line":90,"column":5}},"type":"if","locations":[{"start":{"line":88,"column":4},"end":{"line":90,"column":5}},{"start":{},"end":{}}],"line":88},"7":{"loc":{"start":{"line":92,"column":4},"end":{"line":92,"column":45}},"type":"if","locations":[{"start":{"line":92,"column":4},"end":{"line":92,"column":45}},{"start":{},"end":{}}],"line":92},"8":{"loc":{"start":{"line":93,"column":4},"end":{"line":93,"column":48}},"type":"if","locations":[{"start":{"line":93,"column":4},"end":{"line":93,"column":48}},{"start":{},"end":{}}],"line":93},"9":{"loc":{"start":{"line":94,"column":4},"end":{"line":101,"column":5}},"type":"if","locations":[{"start":{"line":94,"column":4},"end":{"line":101,"column":5}},{"start":{},"end":{}}],"line":94},"10":{"loc":{"start":{"line":95,"column":6},"end":{"line":96,"column":55}},"type":"if","locations":[{"start":{"line":95,"column":6},"end":{"line":96,"column":55}},{"start":{},"end":{}}],"line":95},"11":{"loc":{"start":{"line":97,"column":6},"end":{"line":98,"column":53}},"type":"if","locations":[{"start":{"line":97,"column":6},"end":{"line":98,"column":53}},{"start":{},"end":{}}],"line":97},"12":{"loc":{"start":{"line":99,"column":6},"end":{"line":100,"column":51}},"type":"if","locations":[{"start":{"line":99,"column":6},"end":{"line":100,"column":51}},{"start":{},"end":{}}],"line":99},"13":{"loc":{"start":{"line":123,"column":4},"end":{"line":127,"column":5}},"type":"if","locations":[{"start":{"line":123,"column":4},"end":{"line":127,"column":5}},{"start":{},"end":{}}],"line":123},"14":{"loc":{"start":{"line":176,"column":4},"end":{"line":180,"column":5}},"type":"if","locations":[{"start":{"line":176,"column":4},"end":{"line":180,"column":5}},{"start":{},"end":{}}],"line":176},"15":{"loc":{"start":{"line":182,"column":4},"end":{"line":186,"column":5}},"type":"if","locations":[{"start":{"line":182,"column":4},"end":{"line":186,"column":5}},{"start":{},"end":{}}],"line":182},"16":{"loc":{"start":{"line":182,"column":8},"end":{"line":182,"column":46}},"type":"binary-expr","locations":[{"start":{"line":182,"column":8},"end":{"line":182,"column":20}},{"start":{"line":182,"column":24},"end":{"line":182,"column":46}}],"line":182}},"s":{"0":1,"1":7,"2":1,"3":7,"4":1,"5":7,"6":7,"7":7,"8":0,"9":7,"10":7,"11":1,"12":6,"13":6,"14":0,"15":1,"16":3,"17":3,"18":3,"19":3,"20":1,"21":2,"22":0,"23":1,"24":1,"25":1,"26":1,"27":0,"28":1,"29":0,"30":1,"31":0,"32":0,"33":0,"34":0,"35":0,"36":0,"37":0,"38":0,"39":0,"40":0,"41":0,"42":0,"43":0,"44":0,"45":0,"46":0,"47":0,"48":0,"49":0,"50":1,"51":0,"52":0,"53":0,"54":0,"55":0,"56":0,"57":0,"58":0,"59":0,"60":0,"61":0,"62":0,"63":0,"64":0,"65":0,"66":0,"67":0,"68":0,"69":0,"70":0,"71":0,"72":0,"73":1,"74":0,"75":0,"76":0,"77":0,"78":0,"79":0,"80":0,"81":0,"82":0,"83":0,"84":0,"85":0,"86":0,"87":0},"f":{"0":7,"1":7,"2":7,"3":3,"4":1,"5":0,"6":0,"7":0},"b":{"0":[0,7],"1":[7,7,7],"2":[1,6],"3":[1,2],"4":[3,2],"5":[0,1],"6":[0,0],"7":[0,0],"8":[0,0],"9":[0,0],"10":[0,0],"11":[0,0],"12":[0,0],"13":[0,0],"14":[0,0],"15":[0,0],"16":[0,0]},"inputSourceMap":null,"_coverageSchema":"1a1c01bbd47fc00a2c39e90264f33305004495a9","hash":"bc62e986a08b93f3c5d6e4eff43a933086e3d6a3"}
,"C:\\Users\\user\\OneDrive\\Documents\\WindSurf\\MedAlert\\Prototype_1\\medalert\\backend\\controllers\\dashboardController.js": {"path":"C:\\Users\\user\\OneDrive\\Documents\\WindSurf\\MedAlert\\Prototype_1\\medalert\\backend\\controllers\\dashboardController.js","statementMap":{"0":{"start":{"line":6,"column":28},"end":{"line":108,"column":1}},"1":{"start":{"line":7,"column":2},"end":{"line":107,"column":3}},"2":{"start":{"line":8,"column":19},"end":{"line":8,"column":60}},"3":{"start":{"line":10,"column":18},"end":{"line":10,"column":28}},"4":{"start":{"line":11,"column":17},"end":{"line":11,"column":27}},"5":{"start":{"line":12,"column":4},"end":{"line":12,"column":38}},"6":{"start":{"line":15,"column":34},"end":{"line":15,"column":75}},"7":{"start":{"line":16,"column":28},"end":{"line":19,"column":6}},"8":{"start":{"line":20,"column":32},"end":{"line":23,"column":6}},"9":{"start":{"line":26,"column":35},"end":{"line":29,"column":42}},"10":{"start":{"line":32,"column":26},"end":{"line":32,"column":36}},"11":{"start":{"line":33,"column":4},"end":{"line":33,"column":48}},"12":{"start":{"line":35,"column":25},"end":{"line":46,"column":6}},"13":{"start":{"line":48,"column":26},"end":{"line":48,"column":73}},"14":{"start":{"line":49,"column":29},"end":{"line":51,"column":9}},"15":{"start":{"line":54,"column":28},"end":{"line":54,"column":38}},"16":{"start":{"line":55,"column":4},"end":{"line":55,"column":50}},"17":{"start":{"line":56,"column":21},"end":{"line":70,"column":6}},"18":{"start":{"line":73,"column":21},"end":{"line":73,"column":23}},"19":{"start":{"line":74,"column":4},"end":{"line":74,"column":51}},"20":{"start":{"line":74,"column":29},"end":{"line":74,"column":48}},"21":{"start":{"line":75,"column":17},"end":{"line":75,"column":19}},"22":{"start":{"line":76,"column":4},"end":{"line":86,"column":5}},"23":{"start":{"line":76,"column":17},"end":{"line":76,"column":18}},"24":{"start":{"line":77,"column":16},"end":{"line":77,"column":41}},"25":{"start":{"line":78,"column":6},"end":{"line":78,"column":47}},"26":{"start":{"line":79,"column":18},"end":{"line":79,"column":46}},"27":{"start":{"line":80,"column":20},"end":{"line":80,"column":66}},"28":{"start":{"line":81,"column":6},"end":{"line":85,"column":9}},"29":{"start":{"line":89,"column":6},"end":{"line":94,"column":8}},"30":{"start":{"line":96,"column":4},"end":{"line":103,"column":7}},"31":{"start":{"line":105,"column":4},"end":{"line":105,"column":23}},"32":{"start":{"line":106,"column":4},"end":{"line":106,"column":14}}},"fnMap":{"0":{"name":"(anonymous_0)","decl":{"start":{"line":6,"column":28},"end":{"line":6,"column":29}},"loc":{"start":{"line":6,"column":54},"end":{"line":108,"column":1}},"line":6},"1":{"name":"(anonymous_1)","decl":{"start":{"line":74,"column":21},"end":{"line":74,"column":22}},"loc":{"start":{"line":74,"column":29},"end":{"line":74,"column":48}},"line":74}},"branchMap":{"0":{"loc":{"start":{"line":48,"column":26},"end":{"line":48,"column":73}},"type":"binary-expr","locations":[{"start":{"line":48,"column":26},"end":{"line":48,"column":41}},{"start":{"line":48,"column":45},"end":{"line":48,"column":73}}],"line":48},"1":{"loc":{"start":{"line":49,"column":29},"end":{"line":51,"column":9}},"type":"cond-expr","locations":[{"start":{"line":50,"column":8},"end":{"line":50,"column":75}},{"start":{"line":51,"column":8},"end":{"line":51,"column":9}}],"line":49},"2":{"loc":{"start":{"line":80,"column":20},"end":{"line":80,"column":66}},"type":"binary-expr","locations":[{"start":{"line":80,"column":20},"end":{"line":80,"column":33}},{"start":{"line":80,"column":37},"end":{"line":80,"column":66}}],"line":80}},"s":{"0":1,"1":0,"2":0,"3":0,"4":0,"5":0,"6":0,"7":0,"8":0,"9":0,"10":0,"11":0,"12":0,"13":0,"14":0,"15":0,"16":0,"17":0,"18":0,"19":0,"20":0,"21":0,"22":0,"23":0,"24":0,"25":0,"26":0,"27":0,"28":0,"29":0,"30":0,"31":0,"32":0},"f":{"0":0,"1":0},"b":{"0":[0,0],"1":[0,0],"2":[0,0]},"inputSourceMap":null,"_coverageSchema":"1a1c01bbd47fc00a2c39e90264f33305004495a9","hash":"40807de17fc9db1de235b4ec0b03b333c507e1b2"}
,"C:\\Users\\user\\OneDrive\\Documents\\WindSurf\\MedAlert\\Prototype_1\\medalert\\backend\\controllers\\medicineController.js": {"path":"C:\\Users\\user\\OneDrive\\Documents\\WindSurf\\MedAlert\\Prototype_1\\medalert\\backend\\controllers\\medicineController.js","statementMap":{"0":{"start":{"line":10,"column":28},"end":{"line":19,"column":1}},"1":{"start":{"line":11,"column":2},"end":{"line":18,"column":3}},"2":{"start":{"line":12,"column":22},"end":{"line":14,"column":6}},"3":{"start":{"line":15,"column":4},"end":{"line":15,"column":24}},"4":{"start":{"line":17,"column":4},"end":{"line":17,"column":14}},"5":{"start":{"line":22,"column":31},"end":{"line":34,"column":1}},"6":{"start":{"line":23,"column":2},"end":{"line":33,"column":3}},"7":{"start":{"line":24,"column":21},"end":{"line":24,"column":59}},"8":{"start":{"line":26,"column":4},"end":{"line":26,"column":73}},"9":{"start":{"line":26,"column":19},"end":{"line":26,"column":73}},"10":{"start":{"line":27,"column":4},"end":{"line":28,"column":60}},"11":{"start":{"line":28,"column":6},"end":{"line":28,"column":60}},"12":{"start":{"line":30,"column":4},"end":{"line":30,"column":23}},"13":{"start":{"line":32,"column":4},"end":{"line":32,"column":14}},"14":{"start":{"line":62,"column":30},"end":{"line":93,"column":1}},"15":{"start":{"line":63,"column":2},"end":{"line":92,"column":3}},"16":{"start":{"line":65,"column":6},"end":{"line":65,"column":14}},"17":{"start":{"line":67,"column":4},"end":{"line":68,"column":78}},"18":{"start":{"line":68,"column":6},"end":{"line":68,"column":78}},"19":{"start":{"line":70,"column":21},"end":{"line":78,"column":6}},"20":{"start":{"line":88,"column":4},"end":{"line":88,"column":60}},"21":{"start":{"line":89,"column":4},"end":{"line":89,"column":35}},"22":{"start":{"line":91,"column":4},"end":{"line":91,"column":14}},"23":{"start":{"line":117,"column":30},"end":{"line":144,"column":1}},"24":{"start":{"line":118,"column":2},"end":{"line":143,"column":3}},"25":{"start":{"line":119,"column":21},"end":{"line":119,"column":59}},"26":{"start":{"line":121,"column":4},"end":{"line":121,"column":73}},"27":{"start":{"line":121,"column":19},"end":{"line":121,"column":73}},"28":{"start":{"line":122,"column":4},"end":{"line":123,"column":65}},"29":{"start":{"line":123,"column":6},"end":{"line":123,"column":65}},"30":{"start":{"line":125,"column":20},"end":{"line":127,"column":6}},"31":{"start":{"line":139,"column":4},"end":{"line":139,"column":59}},"32":{"start":{"line":140,"column":4},"end":{"line":140,"column":22}},"33":{"start":{"line":142,"column":4},"end":{"line":142,"column":14}},"34":{"start":{"line":147,"column":30},"end":{"line":162,"column":1}},"35":{"start":{"line":148,"column":2},"end":{"line":161,"column":3}},"36":{"start":{"line":149,"column":21},"end":{"line":149,"column":59}},"37":{"start":{"line":151,"column":4},"end":{"line":151,"column":73}},"38":{"start":{"line":151,"column":19},"end":{"line":151,"column":73}},"39":{"start":{"line":152,"column":4},"end":{"line":153,"column":65}},"40":{"start":{"line":153,"column":6},"end":{"line":153,"column":65}},"41":{"start":{"line":156,"column":4},"end":{"line":156,"column":72}},"42":{"start":{"line":157,"column":4},"end":{"line":157,"column":31}},"43":{"start":{"line":158,"column":4},"end":{"line":158,"column":46}},"44":{"start":{"line":160,"column":4},"end":{"line":160,"column":14}},"45":{"start":{"line":165,"column":38},"end":{"line":175,"column":1}},"46":{"start":{"line":166,"column":2},"end":{"line":174,"column":3}},"47":{"start":{"line":167,"column":19},"end":{"line":167,"column":68}},"48":{"start":{"line":168,"column":4},"end":{"line":171,"column":7}},"49":{"start":{"line":173,"column":4},"end":{"line":173,"column":14}}},"fnMap":{"0":{"name":"(anonymous_0)","decl":{"start":{"line":10,"column":28},"end":{"line":10,"column":29}},"loc":{"start":{"line":10,"column":54},"end":{"line":19,"column":1}},"line":10},"1":{"name":"(anonymous_1)","decl":{"start":{"line":22,"column":31},"end":{"line":22,"column":32}},"loc":{"start":{"line":22,"column":57},"end":{"line":34,"column":1}},"line":22},"2":{"name":"(anonymous_2)","decl":{"start":{"line":62,"column":30},"end":{"line":62,"column":31}},"loc":{"start":{"line":62,"column":56},"end":{"line":93,"column":1}},"line":62},"3":{"name":"(anonymous_3)","decl":{"start":{"line":117,"column":30},"end":{"line":117,"column":31}},"loc":{"start":{"line":117,"column":56},"end":{"line":144,"column":1}},"line":117},"4":{"name":"(anonymous_4)","decl":{"start":{"line":147,"column":30},"end":{"line":147,"column":31}},"loc":{"start":{"line":147,"column":56},"end":{"line":162,"column":1}},"line":147},"5":{"name":"(anonymous_5)","decl":{"start":{"line":165,"column":38},"end":{"line":165,"column":39}},"loc":{"start":{"line":165,"column":64},"end":{"line":175,"column":1}},"line":165}},"branchMap":{"0":{"loc":{"start":{"line":26,"column":4},"end":{"line":26,"column":73}},"type":"if","locations":[{"start":{"line":26,"column":4},"end":{"line":26,"column":73}},{"start":{},"end":{}}],"line":26},"1":{"loc":{"start":{"line":27,"column":4},"end":{"line":28,"column":60}},"type":"if","locations":[{"start":{"line":27,"column":4},"end":{"line":28,"column":60}},{"start":{},"end":{}}],"line":27},"2":{"loc":{"start":{"line":67,"column":4},"end":{"line":68,"column":78}},"type":"if","locations":[{"start":{"line":67,"column":4},"end":{"line":68,"column":78}},{"start":{},"end":{}}],"line":67},"3":{"loc":{"start":{"line":67,"column":8},"end":{"line":67,"column":62}},"type":"binary-expr","locations":[{"start":{"line":67,"column":8},"end":{"line":67,"column":13}},{"start":{"line":67,"column":17},"end":{"line":67,"column":24}},{"start":{"line":67,"column":28},"end":{"line":67,"column":37}},{"start":{"line":67,"column":41},"end":{"line":67,"column":47}},{"start":{"line":67,"column":51},"end":{"line":67,"column":62}}],"line":67},"4":{"loc":{"start":{"line":121,"column":4},"end":{"line":121,"column":73}},"type":"if","locations":[{"start":{"line":121,"column":4},"end":{"line":121,"column":73}},{"start":{},"end":{}}],"line":121},"5":{"loc":{"start":{"line":122,"column":4},"end":{"line":123,"column":65}},"type":"if","locations":[{"start":{"line":122,"column":4},"end":{"line":123,"column":65}},{"start":{},"end":{}}],"line":122},"6":{"loc":{"start":{"line":151,"column":4},"end":{"line":151,"column":73}},"type":"if","locations":[{"start":{"line":151,"column":4},"end":{"line":151,"column":73}},{"start":{},"end":{}}],"line":151},"7":{"loc":{"start":{"line":152,"column":4},"end":{"line":153,"column":65}},"type":"if","locations":[{"start":{"line":152,"column":4},"end":{"line":153,"column":65}},{"start":{},"end":{}}],"line":152}},"s":{"0":1,"1":0,"2":0,"3":0,"4":0,"5":1,"6":0,"7":0,"8":0,"9":0,"10":0,"11":0,"12":0,"13":0,"14":1,"15":0,"16":0,"17":0,"18":0,"19":0,"20":0,"21":0,"22":0,"23":1,"24":0,"25":0,"26":0,"27":0,"28":0,"29":0,"30":0,"31":0,"32":0,"33":0,"34":1,"35":0,"36":0,"37":0,"38":0,"39":0,"40":0,"41":0,"42":0,"43":0,"44":0,"45":1,"46":0,"47":0,"48":0,"49":0},"f":{"0":0,"1":0,"2":0,"3":0,"4":0,"5":0},"b":{"0":[0,0],"1":[0,0],"2":[0,0],"3":[0,0,0,0,0],"4":[0,0],"5":[0,0],"6":[0,0],"7":[0,0]},"inputSourceMap":null,"_coverageSchema":"1a1c01bbd47fc00a2c39e90264f33305004495a9","hash":"6b56f8547a68cd876d4855dfc6a0277f85420972"}
,"C:\\Users\\user\\OneDrive\\Documents\\WindSurf\\MedAlert\\Prototype_1\\medalert\\backend\\controllers\\pharmacyController.js": {"path":"C:\\Users\\user\\OneDrive\\Documents\\WindSurf\\MedAlert\\Prototype_1\\medalert\\backend\\controllers\\pharmacyController.js","statementMap":{"0":{"start":{"line":8,"column":27},"end":{"line":18,"column":1}},"1":{"start":{"line":9,"column":2},"end":{"line":17,"column":3}},"2":{"start":{"line":10,"column":21},"end":{"line":12,"column":6}},"3":{"start":{"line":13,"column":4},"end":{"line":13,"column":23}},"4":{"start":{"line":15,"column":4},"end":{"line":15,"column":25}},"5":{"start":{"line":16,"column":4},"end":{"line":16,"column":16}},"6":{"start":{"line":23,"column":27},"end":{"line":82,"column":1}},"7":{"start":{"line":24,"column":2},"end":{"line":81,"column":3}},"8":{"start":{"line":25,"column":69},"end":{"line":25,"column":77}},"9":{"start":{"line":27,"column":21},"end":{"line":27,"column":23}},"10":{"start":{"line":28,"column":22},"end":{"line":28,"column":23}},"11":{"start":{"line":29,"column":23},"end":{"line":29,"column":27}},"12":{"start":{"line":32,"column":4},"end":{"line":37,"column":5}},"13":{"start":{"line":33,"column":6},"end":{"line":36,"column":9}},"14":{"start":{"line":39,"column":4},"end":{"line":65,"column":5}},"15":{"start":{"line":40,"column":22},"end":{"line":40,"column":62}},"16":{"start":{"line":42,"column":6},"end":{"line":44,"column":7}},"17":{"start":{"line":43,"column":8},"end":{"line":43,"column":70}},"18":{"start":{"line":46,"column":6},"end":{"line":50,"column":7}},"19":{"start":{"line":47,"column":8},"end":{"line":49,"column":11}},"20":{"start":{"line":53,"column":6},"end":{"line":53,"column":40}},"21":{"start":{"line":54,"column":6},"end":{"line":54,"column":27}},"22":{"start":{"line":56,"column":6},"end":{"line":62,"column":9}},"23":{"start":{"line":64,"column":6},"end":{"line":64,"column":51}},"24":{"start":{"line":67,"column":18},"end":{"line":75,"column":6}},"25":{"start":{"line":77,"column":4},"end":{"line":77,"column":32}},"26":{"start":{"line":79,"column":4},"end":{"line":79,"column":25}},"27":{"start":{"line":80,"column":4},"end":{"line":80,"column":16}},"28":{"start":{"line":87,"column":25},"end":{"line":94,"column":1}},"29":{"start":{"line":88,"column":17},"end":{"line":91,"column":28}},"30":{"start":{"line":93,"column":2},"end":{"line":93,"column":19}},"31":{"start":{"line":99,"column":33},"end":{"line":121,"column":1}},"32":{"start":{"line":100,"column":42},"end":{"line":100,"column":50}},"33":{"start":{"line":102,"column":16},"end":{"line":102,"column":51}},"34":{"start":{"line":103,"column":2},"end":{"line":105,"column":3}},"35":{"start":{"line":104,"column":4},"end":{"line":104,"column":64}},"36":{"start":{"line":107,"column":2},"end":{"line":109,"column":3}},"37":{"start":{"line":108,"column":4},"end":{"line":108,"column":26}},"38":{"start":{"line":111,"column":2},"end":{"line":116,"column":3}},"39":{"start":{"line":112,"column":4},"end":{"line":115,"column":6}},"40":{"start":{"line":118,"column":2},"end":{"line":118,"column":21}},"41":{"start":{"line":120,"column":2},"end":{"line":120,"column":18}}},"fnMap":{"0":{"name":"(anonymous_0)","decl":{"start":{"line":8,"column":27},"end":{"line":8,"column":28}},"loc":{"start":{"line":8,"column":53},"end":{"line":18,"column":1}},"line":8},"1":{"name":"(anonymous_1)","decl":{"start":{"line":23,"column":27},"end":{"line":23,"column":28}},"loc":{"start":{"line":23,"column":53},"end":{"line":82,"column":1}},"line":23},"2":{"name":"(anonymous_2)","decl":{"start":{"line":87,"column":25},"end":{"line":87,"column":26}},"loc":{"start":{"line":87,"column":51},"end":{"line":94,"column":1}},"line":87},"3":{"name":"(anonymous_3)","decl":{"start":{"line":99,"column":33},"end":{"line":99,"column":34}},"loc":{"start":{"line":99,"column":59},"end":{"line":121,"column":1}},"line":99}},"branchMap":{"0":{"loc":{"start":{"line":32,"column":4},"end":{"line":37,"column":5}},"type":"if","locations":[{"start":{"line":32,"column":4},"end":{"line":37,"column":5}},{"start":{},"end":{}}],"line":32},"1":{"loc":{"start":{"line":42,"column":6},"end":{"line":44,"column":7}},"type":"if","locations":[{"start":{"line":42,"column":6},"end":{"line":44,"column":7}},{"start":{},"end":{}}],"line":42},"2":{"loc":{"start":{"line":46,"column":6},"end":{"line":50,"column":7}},"type":"if","locations":[{"start":{"line":46,"column":6},"end":{"line":50,"column":7}},{"start":{},"end":{}}],"line":46},"3":{"loc":{"start":{"line":74,"column":20},"end":{"line":74,"column":58}},"type":"cond-expr","locations":[{"start":{"line":74,"column":35},"end":{"line":74,"column":51}},{"start":{"line":74,"column":54},"end":{"line":74,"column":58}}],"line":74},"4":{"loc":{"start":{"line":103,"column":2},"end":{"line":105,"column":3}},"type":"if","locations":[{"start":{"line":103,"column":2},"end":{"line":105,"column":3}},{"start":{},"end":{}}],"line":103},"5":{"loc":{"start":{"line":107,"column":2},"end":{"line":109,"column":3}},"type":"if","locations":[{"start":{"line":107,"column":2},"end":{"line":109,"column":3}},{"start":{},"end":{}}],"line":107},"6":{"loc":{"start":{"line":111,"column":2},"end":{"line":116,"column":3}},"type":"if","locations":[{"start":{"line":111,"column":2},"end":{"line":116,"column":3}},{"start":{},"end":{}}],"line":111},"7":{"loc":{"start":{"line":111,"column":6},"end":{"line":111,"column":55}},"type":"binary-expr","locations":[{"start":{"line":111,"column":6},"end":{"line":111,"column":27}},{"start":{"line":111,"column":31},"end":{"line":111,"column":55}}],"line":111},"8":{"loc":{"start":{"line":113,"column":15},"end":{"line":113,"column":43}},"type":"binary-expr","locations":[{"start":{"line":113,"column":15},"end":{"line":113,"column":30}},{"start":{"line":113,"column":34},"end":{"line":113,"column":43}}],"line":113},"9":{"loc":{"start":{"line":114,"column":18},"end":{"line":114,"column":49}},"type":"binary-expr","locations":[{"start":{"line":114,"column":18},"end":{"line":114,"column":36}},{"start":{"line":114,"column":40},"end":{"line":114,"column":49}}],"line":114}},"s":{"0":1,"1":0,"2":0,"3":0,"4":0,"5":0,"6":1,"7":0,"8":0,"9":0,"10":0,"11":0,"12":0,"13":0,"14":0,"15":0,"16":0,"17":0,"18":0,"19":0,"20":0,"21":0,"22":0,"23":0,"24":0,"25":0,"26":0,"27":0,"28":1,"29":0,"30":0,"31":1,"32":0,"33":0,"34":0,"35":0,"36":0,"37":0,"38":0,"39":0,"40":0,"41":0},"f":{"0":0,"1":0,"2":0,"3":0},"b":{"0":[0,0],"1":[0,0],"2":[0,0],"3":[0,0],"4":[0,0],"5":[0,0],"6":[0,0],"7":[0,0],"8":[0,0],"9":[0,0]},"inputSourceMap":null,"_coverageSchema":"1a1c01bbd47fc00a2c39e90264f33305004495a9","hash":"bf97df9307b7d67a4dbf07ba24815e2830a26b32"}
,"C:\\Users\\user\\OneDrive\\Documents\\WindSurf\\MedAlert\\Prototype_1\\medalert\\backend\\controllers\\reminderController.js": {"path":"C:\\Users\\user\\OneDrive\\Documents\\WindSurf\\MedAlert\\Prototype_1\\medalert\\backend\\controllers\\reminderController.js","statementMap":{"0":{"start":{"line":6,"column":31},"end":{"line":22,"column":1}},"1":{"start":{"line":7,"column":2},"end":{"line":21,"column":3}},"2":{"start":{"line":8,"column":19},"end":{"line":8,"column":31}},"3":{"start":{"line":11,"column":22},"end":{"line":14,"column":17}},"4":{"start":{"line":16,"column":4},"end":{"line":16,"column":79}},"5":{"start":{"line":17,"column":4},"end":{"line":17,"column":24}},"6":{"start":{"line":19,"column":4},"end":{"line":19,"column":52}},"7":{"start":{"line":20,"column":4},"end":{"line":20,"column":14}},"8":{"start":{"line":25,"column":35},"end":{"line":50,"column":1}},"9":{"start":{"line":26,"column":2},"end":{"line":49,"column":3}},"10":{"start":{"line":27,"column":19},"end":{"line":27,"column":29}},"11":{"start":{"line":28,"column":19},"end":{"line":28,"column":31}},"12":{"start":{"line":30,"column":21},"end":{"line":30,"column":51}},"13":{"start":{"line":31,"column":4},"end":{"line":33,"column":5}},"14":{"start":{"line":32,"column":6},"end":{"line":32,"column":69}},"15":{"start":{"line":34,"column":4},"end":{"line":36,"column":5}},"16":{"start":{"line":35,"column":6},"end":{"line":35,"column":65}},"17":{"start":{"line":38,"column":4},"end":{"line":38,"column":33}},"18":{"start":{"line":39,"column":4},"end":{"line":39,"column":41}},"19":{"start":{"line":40,"column":4},"end":{"line":40,"column":26}},"20":{"start":{"line":43,"column":4},"end":{"line":43,"column":55}},"21":{"start":{"line":45,"column":4},"end":{"line":45,"column":52}},"22":{"start":{"line":47,"column":4},"end":{"line":47,"column":56}},"23":{"start":{"line":48,"column":4},"end":{"line":48,"column":14}}},"fnMap":{"0":{"name":"(anonymous_0)","decl":{"start":{"line":6,"column":31},"end":{"line":6,"column":32}},"loc":{"start":{"line":6,"column":57},"end":{"line":22,"column":1}},"line":6},"1":{"name":"(anonymous_1)","decl":{"start":{"line":25,"column":35},"end":{"line":25,"column":36}},"loc":{"start":{"line":25,"column":61},"end":{"line":50,"column":1}},"line":25}},"branchMap":{"0":{"loc":{"start":{"line":31,"column":4},"end":{"line":33,"column":5}},"type":"if","locations":[{"start":{"line":31,"column":4},"end":{"line":33,"column":5}},{"start":{},"end":{}}],"line":31},"1":{"loc":{"start":{"line":34,"column":4},"end":{"line":36,"column":5}},"type":"if","locations":[{"start":{"line":34,"column":4},"end":{"line":36,"column":5}},{"start":{},"end":{}}],"line":34}},"s":{"0":1,"1":0,"2":0,"3":0,"4":0,"5":0,"6":0,"7":0,"8":1,"9":0,"10":0,"11":0,"12":0,"13":0,"14":0,"15":0,"16":0,"17":0,"18":0,"19":0,"20":0,"21":0,"22":0,"23":0},"f":{"0":0,"1":0},"b":{"0":[0,0],"1":[0,0]},"inputSourceMap":null,"_coverageSchema":"1a1c01bbd47fc00a2c39e90264f33305004495a9","hash":"51b55a81f1773cbf1e967565c73609748f61b87c"}
,"C:\\Users\\user\\OneDrive\\Documents\\WindSurf\\MedAlert\\Prototype_1\\medalert\\backend\\data\\medicineNames.js": {"path":"C:\\Users\\user\\OneDrive\\Documents\\WindSurf\\MedAlert\\Prototype_1\\medalert\\backend\\data\\medicineNames.js","statementMap":{"0":{"start":{"line":2,"column":35},"end":{"line":134,"column":1}},"1":{"start":{"line":136,"column":17},"end":{"line":136,"column":73}},"2":{"start":{"line":136,"column":56},"end":{"line":136,"column":71}},"3":{"start":{"line":139,"column":2},"end":{"line":139,"column":56}},"4":{"start":{"line":139,"column":43},"end":{"line":139,"column":56}},"5":{"start":{"line":140,"column":2},"end":{"line":140,"column":57}}},"fnMap":{"0":{"name":"(anonymous_0)","decl":{"start":{"line":136,"column":49},"end":{"line":136,"column":50}},"loc":{"start":{"line":136,"column":56},"end":{"line":136,"column":71}},"line":136},"1":{"name":"isValidMedicineName","decl":{"start":{"line":138,"column":16},"end":{"line":138,"column":35}},"loc":{"start":{"line":138,"column":42},"end":{"line":141,"column":1}},"line":138}},"branchMap":{"0":{"loc":{"start":{"line":139,"column":2},"end":{"line":139,"column":56}},"type":"if","locations":[{"start":{"line":139,"column":2},"end":{"line":139,"column":56}},{"start":{},"end":{}}],"line":139},"1":{"loc":{"start":{"line":139,"column":6},"end":{"line":139,"column":41}},"type":"binary-expr","locations":[{"start":{"line":139,"column":6},"end":{"line":139,"column":11}},{"start":{"line":139,"column":15},"end":{"line":139,"column":41}}],"line":139}},"s":{"0":1,"1":1,"2":131,"3":0,"4":0,"5":0},"f":{"0":131,"1":0},"b":{"0":[0,0],"1":[0,0]},"inputSourceMap":null,"_coverageSchema":"1a1c01bbd47fc00a2c39e90264f33305004495a9","hash":"1bce7f1670216ea9d25023a53116a6f5ad355016"}
,"C:\\Users\\user\\OneDrive\\Documents\\WindSurf\\MedAlert\\Prototype_1\\medalert\\backend\\jobs\\checkStockExpiry.js": {"path":"C:\\Users\\user\\OneDrive\\Documents\\WindSurf\\MedAlert\\Prototype_1\\medalert\\backend\\jobs\\checkStockExpiry.js","statementMap":{"0":{"start":{"line":10,"column":2},"end":{"line":70,"column":5}},"1":{"start":{"line":11,"column":4},"end":{"line":11,"column":60}},"2":{"start":{"line":13,"column":18},"end":{"line":13,"column":28}},"3":{"start":{"line":14,"column":17},"end":{"line":14,"column":27}},"4":{"start":{"line":15,"column":4},"end":{"line":15,"column":38}},"5":{"start":{"line":18,"column":22},"end":{"line":23,"column":23}},"6":{"start":{"line":25,"column":4},"end":{"line":69,"column":5}},"7":{"start":{"line":26,"column":19},"end":{"line":26,"column":27}},"8":{"start":{"line":27,"column":6},"end":{"line":27,"column":26}},"9":{"start":{"line":27,"column":17},"end":{"line":27,"column":26}},"10":{"start":{"line":29,"column":19},"end":{"line":29,"column":21}},"11":{"start":{"line":31,"column":6},"end":{"line":31,"column":71}},"12":{"start":{"line":31,"column":26},"end":{"line":31,"column":71}},"13":{"start":{"line":32,"column":6},"end":{"line":35,"column":10}},"14":{"start":{"line":33,"column":8},"end":{"line":35,"column":10}},"15":{"start":{"line":37,"column":23},"end":{"line":37,"column":73}},"16":{"start":{"line":40,"column":6},"end":{"line":45,"column":7}},"17":{"start":{"line":41,"column":8},"end":{"line":44,"column":11}},"18":{"start":{"line":47,"column":6},"end":{"line":49,"column":7}},"19":{"start":{"line":48,"column":8},"end":{"line":48,"column":77}},"20":{"start":{"line":51,"column":6},"end":{"line":53,"column":7}},"21":{"start":{"line":52,"column":8},"end":{"line":52,"column":44}},"22":{"start":{"line":55,"column":6},"end":{"line":66,"column":9}},"23":{"start":{"line":68,"column":6},"end":{"line":68,"column":79}}},"fnMap":{"0":{"name":"(anonymous_0)","decl":{"start":{"line":9,"column":15},"end":{"line":9,"column":16}},"loc":{"start":{"line":9,"column":27},"end":{"line":71,"column":1}},"line":9},"1":{"name":"(anonymous_1)","decl":{"start":{"line":10,"column":38},"end":{"line":10,"column":39}},"loc":{"start":{"line":10,"column":50},"end":{"line":70,"column":3}},"line":10}},"branchMap":{"0":{"loc":{"start":{"line":27,"column":6},"end":{"line":27,"column":26}},"type":"if","locations":[{"start":{"line":27,"column":6},"end":{"line":27,"column":26}},{"start":{},"end":{}}],"line":27},"1":{"loc":{"start":{"line":31,"column":6},"end":{"line":31,"column":71}},"type":"if","locations":[{"start":{"line":31,"column":6},"end":{"line":31,"column":71}},{"start":{},"end":{}}],"line":31},"2":{"loc":{"start":{"line":32,"column":6},"end":{"line":35,"column":10}},"type":"if","locations":[{"start":{"line":32,"column":6},"end":{"line":35,"column":10}},{"start":{},"end":{}}],"line":32},"3":{"loc":{"start":{"line":32,"column":10},"end":{"line":32,"column":50}},"type":"binary-expr","locations":[{"start":{"line":32,"column":10},"end":{"line":32,"column":24}},{"start":{"line":32,"column":28},"end":{"line":32,"column":50}}],"line":32},"4":{"loc":{"start":{"line":40,"column":6},"end":{"line":45,"column":7}},"type":"if","locations":[{"start":{"line":40,"column":6},"end":{"line":45,"column":7}},{"start":{},"end":{}}],"line":40},"5":{"loc":{"start":{"line":40,"column":10},"end":{"line":40,"column":58}},"type":"binary-expr","locations":[{"start":{"line":40,"column":10},"end":{"line":40,"column":33}},{"start":{"line":40,"column":37},"end":{"line":40,"column":58}}],"line":40},"6":{"loc":{"start":{"line":47,"column":6},"end":{"line":49,"column":7}},"type":"if","locations":[{"start":{"line":47,"column":6},"end":{"line":49,"column":7}},{"start":{},"end":{}}],"line":47},"7":{"loc":{"start":{"line":47,"column":10},"end":{"line":47,"column":48}},"type":"binary-expr","locations":[{"start":{"line":47,"column":10},"end":{"line":47,"column":34}},{"start":{"line":47,"column":38},"end":{"line":47,"column":48}}],"line":47},"8":{"loc":{"start":{"line":51,"column":6},"end":{"line":53,"column":7}},"type":"if","locations":[{"start":{"line":51,"column":6},"end":{"line":53,"column":7}},{"start":{},"end":{}}],"line":51},"9":{"loc":{"start":{"line":51,"column":10},"end":{"line":51,"column":46}},"type":"binary-expr","locations":[{"start":{"line":51,"column":10},"end":{"line":51,"column":32}},{"start":{"line":51,"column":36},"end":{"line":51,"column":46}}],"line":51},"10":{"loc":{"start":{"line":60,"column":10},"end":{"line":60,"column":49}},"type":"cond-expr","locations":[{"start":{"line":60,"column":36},"end":{"line":60,"column":42}},{"start":{"line":60,"column":45},"end":{"line":60,"column":49}}],"line":60},"11":{"loc":{"start":{"line":61,"column":10},"end":{"line":61,"column":51}},"type":"cond-expr","locations":[{"start":{"line":61,"column":37},"end":{"line":61,"column":44}},{"start":{"line":61,"column":47},"end":{"line":61,"column":51}}],"line":61},"12":{"loc":{"start":{"line":62,"column":10},"end":{"line":62,"column":47}},"type":"cond-expr","locations":[{"start":{"line":62,"column":35},"end":{"line":62,"column":40}},{"start":{"line":62,"column":43},"end":{"line":62,"column":47}}],"line":62},"13":{"loc":{"start":{"line":68,"column":53},"end":{"line":68,"column":75}},"type":"binary-expr","locations":[{"start":{"line":68,"column":53},"end":{"line":68,"column":63}},{"start":{"line":68,"column":67},"end":{"line":68,"column":75}}],"line":68}},"s":{"0":0,"1":0,"2":0,"3":0,"4":0,"5":0,"6":0,"7":0,"8":0,"9":0,"10":0,"11":0,"12":0,"13":0,"14":0,"15":0,"16":0,"17":0,"18":0,"19":0,"20":0,"21":0,"22":0,"23":0},"f":{"0":0,"1":0},"b":{"0":[0,0],"1":[0,0],"2":[0,0],"3":[0,0],"4":[0,0],"5":[0,0],"6":[0,0],"7":[0,0],"8":[0,0],"9":[0,0],"10":[0,0],"11":[0,0],"12":[0,0],"13":[0,0]},"inputSourceMap":null,"_coverageSchema":"1a1c01bbd47fc00a2c39e90264f33305004495a9","hash":"8d0033cc4dbd2444e9439055351db5c533382c20"}
,"C:\\Users\\user\\OneDrive\\Documents\\WindSurf\\MedAlert\\Prototype_1\\medalert\\backend\\jobs\\sendReminder.js": {"path":"C:\\Users\\user\\OneDrive\\Documents\\WindSurf\\MedAlert\\Prototype_1\\medalert\\backend\\jobs\\sendReminder.js","statementMap":{"0":{"start":{"line":10,"column":24},"end":{"line":33,"column":1}},"1":{"start":{"line":11,"column":2},"end":{"line":11,"column":27}},"2":{"start":{"line":11,"column":15},"end":{"line":11,"column":27}},"3":{"start":{"line":13,"column":16},"end":{"line":13,"column":67}},"4":{"start":{"line":14,"column":2},"end":{"line":20,"column":3}},"5":{"start":{"line":15,"column":24},"end":{"line":15,"column":64}},"6":{"start":{"line":16,"column":4},"end":{"line":18,"column":5}},"7":{"start":{"line":17,"column":6},"end":{"line":17,"column":27}},"8":{"start":{"line":19,"column":4},"end":{"line":19,"column":16}},"9":{"start":{"line":22,"column":14},"end":{"line":22,"column":36}},"10":{"start":{"line":23,"column":18},"end":{"line":23,"column":26}},"11":{"start":{"line":24,"column":17},"end":{"line":24,"column":39}},"12":{"start":{"line":26,"column":2},"end":{"line":30,"column":3}},"13":{"start":{"line":27,"column":4},"end":{"line":27,"column":16}},"14":{"start":{"line":28,"column":9},"end":{"line":30,"column":3}},"15":{"start":{"line":29,"column":4},"end":{"line":29,"column":14}},"16":{"start":{"line":32,"column":2},"end":{"line":32,"column":59}},"17":{"start":{"line":36,"column":32},"end":{"line":45,"column":1}},"18":{"start":{"line":37,"column":2},"end":{"line":37,"column":27}},"19":{"start":{"line":37,"column":15},"end":{"line":37,"column":27}},"20":{"start":{"line":39,"column":27},"end":{"line":39,"column":56}},"21":{"start":{"line":40,"column":24},"end":{"line":40,"column":34}},"22":{"start":{"line":41,"column":2},"end":{"line":41,"column":53}},"23":{"start":{"line":42,"column":2},"end":{"line":42,"column":47}},"24":{"start":{"line":44,"column":2},"end":{"line":44,"column":23}},"25":{"start":{"line":48,"column":2},"end":{"line":141,"column":5}},"26":{"start":{"line":55,"column":8},"end":{"line":55,"column":22}},"27":{"start":{"line":57,"column":17},"end":{"line":57,"column":44}},"28":{"start":{"line":58,"column":21},"end":{"line":58,"column":56}},"29":{"start":{"line":60,"column":4},"end":{"line":60,"column":35}},"30":{"start":{"line":60,"column":28},"end":{"line":60,"column":35}},"31":{"start":{"line":63,"column":20},"end":{"line":63,"column":72}},"32":{"start":{"line":66,"column":4},"end":{"line":68,"column":6}},"33":{"start":{"line":71,"column":4},"end":{"line":76,"column":5}},"34":{"start":{"line":72,"column":6},"end":{"line":75,"column":9}},"35":{"start":{"line":79,"column":4},"end":{"line":81,"column":5}},"36":{"start":{"line":80,"column":6},"end":{"line":80,"column":64}},"37":{"start":{"line":84,"column":4},"end":{"line":86,"column":5}},"38":{"start":{"line":85,"column":6},"end":{"line":85,"column":41}},"39":{"start":{"line":89,"column":4},"end":{"line":100,"column":7}},"40":{"start":{"line":102,"column":4},"end":{"line":104,"column":6}},"41":{"start":{"line":107,"column":4},"end":{"line":140,"column":5}},"42":{"start":{"line":108,"column":33},"end":{"line":108,"column":51}},"43":{"start":{"line":109,"column":31},"end":{"line":109,"column":41}},"44":{"start":{"line":110,"column":6},"end":{"line":110,"column":70}},"45":{"start":{"line":112,"column":6},"end":{"line":118,"column":9}},"46":{"start":{"line":120,"column":6},"end":{"line":122,"column":8}},"47":{"start":{"line":125,"column":6},"end":{"line":139,"column":7}},"48":{"start":{"line":126,"column":28},"end":{"line":126,"column":66}},"49":{"start":{"line":128,"column":8},"end":{"line":134,"column":11}},"50":{"start":{"line":136,"column":8},"end":{"line":138,"column":10}}},"fnMap":{"0":{"name":"(anonymous_0)","decl":{"start":{"line":10,"column":24},"end":{"line":10,"column":25}},"loc":{"start":{"line":10,"column":36},"end":{"line":33,"column":1}},"line":10},"1":{"name":"(anonymous_1)","decl":{"start":{"line":36,"column":32},"end":{"line":36,"column":33}},"loc":{"start":{"line":36,"column":44},"end":{"line":45,"column":1}},"line":36},"2":{"name":"(anonymous_2)","decl":{"start":{"line":47,"column":15},"end":{"line":47,"column":16}},"loc":{"start":{"line":47,"column":35},"end":{"line":142,"column":1}},"line":47},"3":{"name":"(anonymous_3)","decl":{"start":{"line":48,"column":46},"end":{"line":48,"column":47}},"loc":{"start":{"line":48,"column":61},"end":{"line":141,"column":3}},"line":48}},"branchMap":{"0":{"loc":{"start":{"line":11,"column":2},"end":{"line":11,"column":27}},"type":"if","locations":[{"start":{"line":11,"column":2},"end":{"line":11,"column":27}},{"start":{},"end":{}}],"line":11},"1":{"loc":{"start":{"line":14,"column":2},"end":{"line":20,"column":3}},"type":"if","locations":[{"start":{"line":14,"column":2},"end":{"line":20,"column":3}},{"start":{},"end":{}}],"line":14},"2":{"loc":{"start":{"line":16,"column":4},"end":{"line":18,"column":5}},"type":"if","locations":[{"start":{"line":16,"column":4},"end":{"line":18,"column":5}},{"start":{},"end":{}}],"line":16},"3":{"loc":{"start":{"line":26,"column":2},"end":{"line":30,"column":3}},"type":"if","locations":[{"start":{"line":26,"column":2},"end":{"line":30,"column":3}},{"start":{"line":28,"column":9},"end":{"line":30,"column":3}}],"line":26},"4":{"loc":{"start":{"line":26,"column":6},"end":{"line":26,"column":37}},"type":"binary-expr","locations":[{"start":{"line":26,"column":6},"end":{"line":26,"column":21}},{"start":{"line":26,"column":25},"end":{"line":26,"column":37}}],"line":26},"5":{"loc":{"start":{"line":28,"column":9},"end":{"line":30,"column":3}},"type":"if","locations":[{"start":{"line":28,"column":9},"end":{"line":30,"column":3}},{"start":{},"end":{}}],"line":28},"6":{"loc":{"start":{"line":28,"column":13},"end":{"line":28,"column":44}},"type":"binary-expr","locations":[{"start":{"line":28,"column":13},"end":{"line":28,"column":28}},{"start":{"line":28,"column":32},"end":{"line":28,"column":44}}],"line":28},"7":{"loc":{"start":{"line":37,"column":2},"end":{"line":37,"column":27}},"type":"if","locations":[{"start":{"line":37,"column":2},"end":{"line":37,"column":27}},{"start":{},"end":{}}],"line":37},"8":{"loc":{"start":{"line":53,"column":6},"end":{"line":53,"column":24}},"type":"default-arg","locations":[{"start":{"line":53,"column":23},"end":{"line":53,"column":24}}],"line":53},"9":{"loc":{"start":{"line":60,"column":4},"end":{"line":60,"column":35}},"type":"if","locations":[{"start":{"line":60,"column":4},"end":{"line":60,"column":35}},{"start":{},"end":{}}],"line":60},"10":{"loc":{"start":{"line":60,"column":8},"end":{"line":60,"column":26}},"type":"binary-expr","locations":[{"start":{"line":60,"column":8},"end":{"line":60,"column":13}},{"start":{"line":60,"column":17},"end":{"line":60,"column":26}}],"line":60},"11":{"loc":{"start":{"line":71,"column":4},"end":{"line":76,"column":5}},"type":"if","locations":[{"start":{"line":71,"column":4},"end":{"line":76,"column":5}},{"start":{},"end":{}}],"line":71},"12":{"loc":{"start":{"line":71,"column":8},"end":{"line":71,"column":57}},"type":"binary-expr","locations":[{"start":{"line":71,"column":8},"end":{"line":71,"column":32}},{"start":{"line":71,"column":36},"end":{"line":71,"column":57}}],"line":71},"13":{"loc":{"start":{"line":79,"column":4},"end":{"line":81,"column":5}},"type":"if","locations":[{"start":{"line":79,"column":4},"end":{"line":81,"column":5}},{"start":{},"end":{}}],"line":79},"14":{"loc":{"start":{"line":79,"column":8},"end":{"line":79,"column":47}},"type":"binary-expr","locations":[{"start":{"line":79,"column":8},"end":{"line":79,"column":33}},{"start":{"line":79,"column":37},"end":{"line":79,"column":47}}],"line":79},"15":{"loc":{"start":{"line":84,"column":4},"end":{"line":86,"column":5}},"type":"if","locations":[{"start":{"line":84,"column":4},"end":{"line":86,"column":5}},{"start":{},"end":{}}],"line":84},"16":{"loc":{"start":{"line":84,"column":8},"end":{"line":84,"column":45}},"type":"binary-expr","locations":[{"start":{"line":84,"column":8},"end":{"line":84,"column":31}},{"start":{"line":84,"column":35},"end":{"line":84,"column":45}}],"line":84},"17":{"loc":{"start":{"line":93,"column":15},"end":{"line":99,"column":32}},"type":"binary-expr","locations":[{"start":{"line":93,"column":15},"end":{"line":99,"column":19}},{"start":{"line":99,"column":23},"end":{"line":99,"column":32}}],"line":93},"18":{"loc":{"start":{"line":94,"column":8},"end":{"line":94,"column":48}},"type":"cond-expr","locations":[{"start":{"line":94,"column":35},"end":{"line":94,"column":41}},{"start":{"line":94,"column":44},"end":{"line":94,"column":48}}],"line":94},"19":{"loc":{"start":{"line":95,"column":8},"end":{"line":95,"column":50}},"type":"cond-expr","locations":[{"start":{"line":95,"column":36},"end":{"line":95,"column":43}},{"start":{"line":95,"column":46},"end":{"line":95,"column":50}}],"line":95},"20":{"loc":{"start":{"line":96,"column":8},"end":{"line":96,"column":46}},"type":"cond-expr","locations":[{"start":{"line":96,"column":34},"end":{"line":96,"column":39}},{"start":{"line":96,"column":42},"end":{"line":96,"column":46}}],"line":96},"21":{"loc":{"start":{"line":103,"column":47},"end":{"line":103,"column":69}},"type":"binary-expr","locations":[{"start":{"line":103,"column":47},"end":{"line":103,"column":57}},{"start":{"line":103,"column":61},"end":{"line":103,"column":69}}],"line":103},"22":{"loc":{"start":{"line":107,"column":4},"end":{"line":140,"column":5}},"type":"if","locations":[{"start":{"line":107,"column":4},"end":{"line":140,"column":5}},{"start":{"line":123,"column":11},"end":{"line":140,"column":5}}],"line":107},"23":{"loc":{"start":{"line":125,"column":6},"end":{"line":139,"column":7}},"type":"if","locations":[{"start":{"line":125,"column":6},"end":{"line":139,"column":7}},{"start":{},"end":{}}],"line":125}},"s":{"0":1,"1":0,"2":0,"3":0,"4":0,"5":0,"6":0,"7":0,"8":0,"9":0,"10":0,"11":0,"12":0,"13":0,"14":0,"15":0,"16":0,"17":1,"18":0,"19":0,"20":0,"21":0,"22":0,"23":0,"24":0,"25":0,"26":0,"27":0,"28":0,"29":0,"30":0,"31":0,"32":0,"33":0,"34":0,"35":0,"36":0,"37":0,"38":0,"39":0,"40":0,"41":0,"42":0,"43":0,"44":0,"45":0,"46":0,"47":0,"48":0,"49":0,"50":0},"f":{"0":0,"1":0,"2":0,"3":0},"b":{"0":[0,0],"1":[0,0],"2":[0,0],"3":[0,0],"4":[0,0],"5":[0,0],"6":[0,0],"7":[0,0],"8":[0],"9":[0,0],"10":[0,0],"11":[0,0],"12":[0,0],"13":[0,0],"14":[0,0],"15":[0,0],"16":[0,0],"17":[0,0],"18":[0,0],"19":[0,0],"20":[0,0],"21":[0,0],"22":[0,0],"23":[0,0]},"inputSourceMap":null,"_coverageSchema":"1a1c01bbd47fc00a2c39e90264f33305004495a9","hash":"46283e69a0e40cc81dc3f3a77a99e21d1d82e976"}
,"C:\\Users\\user\\OneDrive\\Documents\\WindSurf\\MedAlert\\Prototype_1\\medalert\\backend\\middleware\\authMiddleware.js": {"path":"C:\\Users\\user\\OneDrive\\Documents\\WindSurf\\MedAlert\\Prototype_1\\medalert\\backend\\middleware\\authMiddleware.js","statementMap":{"0":{"start":{"line":5,"column":23},"end":{"line":31,"column":1}},"1":{"start":{"line":8,"column":2},"end":{"line":27,"column":3}},"2":{"start":{"line":12,"column":4},"end":{"line":26,"column":5}},"3":{"start":{"line":13,"column":6},"end":{"line":13,"column":54}},"4":{"start":{"line":14,"column":22},"end":{"line":14,"column":63}},"5":{"start":{"line":15,"column":6},"end":{"line":15,"column":69}},"6":{"start":{"line":18,"column":6},"end":{"line":20,"column":7}},"7":{"start":{"line":19,"column":8},"end":{"line":19,"column":74}},"8":{"start":{"line":22,"column":6},"end":{"line":22,"column":20}},"9":{"start":{"line":24,"column":6},"end":{"line":24,"column":25}},"10":{"start":{"line":25,"column":6},"end":{"line":25,"column":79}},"11":{"start":{"line":30,"column":2},"end":{"line":30,"column":71}},"12":{"start":{"line":33,"column":21},"end":{"line":38,"column":1}},"13":{"start":{"line":34,"column":2},"end":{"line":36,"column":3}},"14":{"start":{"line":35,"column":4},"end":{"line":35,"column":18}},"15":{"start":{"line":37,"column":2},"end":{"line":37,"column":64}}},"fnMap":{"0":{"name":"(anonymous_0)","decl":{"start":{"line":5,"column":23},"end":{"line":5,"column":24}},"loc":{"start":{"line":5,"column":49},"end":{"line":31,"column":1}},"line":5},"1":{"name":"(anonymous_1)","decl":{"start":{"line":33,"column":21},"end":{"line":33,"column":22}},"loc":{"start":{"line":33,"column":41},"end":{"line":38,"column":1}},"line":33}},"branchMap":{"0":{"loc":{"start":{"line":8,"column":2},"end":{"line":27,"column":3}},"type":"if","locations":[{"start":{"line":8,"column":2},"end":{"line":27,"column":3}},{"start":{},"end":{}}],"line":8},"1":{"loc":{"start":{"line":9,"column":4},"end":{"line":10,"column":50}},"type":"binary-expr","locations":[{"start":{"line":9,"column":4},"end":{"line":9,"column":29}},{"start":{"line":10,"column":4},"end":{"line":10,"column":50}}],"line":9},"2":{"loc":{"start":{"line":18,"column":6},"end":{"line":20,"column":7}},"type":"if","locations":[{"start":{"line":18,"column":6},"end":{"line":20,"column":7}},{"start":{},"end":{}}],"line":18},"3":{"loc":{"start":{"line":34,"column":2},"end":{"line":36,"column":3}},"type":"if","locations":[{"start":{"line":34,"column":2},"end":{"line":36,"column":3}},{"start":{},"end":{}}],"line":34},"4":{"loc":{"start":{"line":34,"column":6},"end":{"line":34,"column":43}},"type":"binary-expr","locations":[{"start":{"line":34,"column":6},"end":{"line":34,"column":14}},{"start":{"line":34,"column":18},"end":{"line":34,"column":43}}],"line":34}},"s":{"0":1,"1":2,"2":1,"3":1,"4":1,"5":1,"6":1,"7":0,"8":1,"9":0,"10":0,"11":1,"12":1,"13":0,"14":0,"15":0},"f":{"0":2,"1":0},"b":{"0":[1,1],"1":[2,1],"2":[0,1],"3":[0,0],"4":[0,0]},"inputSourceMap":null,"_coverageSchema":"1a1c01bbd47fc00a2c39e90264f33305004495a9","hash":"57b8c256d56d6e789c108e753efdb8a2ef1c55c3"}
[...]
30},"end":{"line":89,"column":54}},"48":{"start":{"line":91,"column":8},"end":{"line":94,"column":9}},"49":{"start":{"line":92,"column":10},"end":{"line":92,"column":78}},"50":{"start":{"line":93,"column":10},"end":{"line":93,"column":19}},"51":{"start":{"line":98,"column":8},"end":{"line":104,"column":11}},"52":{"start":{"line":106,"column":8},"end":{"line":106,"column":25}},"53":{"start":{"line":107,"column":8},"end":{"line":109,"column":10}},"54":{"start":{"line":111,"column":8},"end":{"line":111,"column":95}},"55":{"start":{"line":115,"column":4},"end":{"line":119,"column":5}},"56":{"start":{"line":116,"column":6},"end":{"line":116,"column":97}},"57":{"start":{"line":118,"column":6},"end":{"line":118,"column":74}},"58":{"start":{"line":121,"column":4},"end":{"line":121,"column":87}},"59":{"start":{"line":122,"column":4},"end":{"line":122,"column":16}},"60":{"start":{"line":127,"column":45},"end":{"line":143,"column":1}},"61":{"start":{"line":128,"column":2},"end":{"line":142,"column":3}},"62":{"start":{"line":129,"column":22},"end":{"line":129,"column":59}},"63":{"start":{"line":131,"column":4},"end":{"line":131,"column":100}},"64":{"start":{"line":133,"column":4},"end":{"line":135,"column":5}},"65":{"start":{"line":134,"column":6},"end":{"line":134,"column":56}},"66":{"start":{"line":137,"column":4},"end":{"line":137,"column":66}},"67":{"start":{"line":138,"column":4},"end":{"line":138,"column":54}},"68":{"start":{"line":140,"column":4},"end":{"line":140,"column":83}},"69":{"start":{"line":141,"column":4},"end":{"line":141,"column":16}},"70":{"start":{"line":146,"column":38},"end":{"line":173,"column":1}},"71":{"start":{"line":147,"column":2},"end":{"line":172,"column":3}},"72":{"start":{"line":148,"column":22},"end":{"line":148,"column":45}},"73":{"start":{"line":150,"column":4},"end":{"line":150,"column":97}},"74":{"start":{"line":152,"column":20},"end":{"line":152,"column":29}},"75":{"start":{"line":153,"column":4},"end":{"line":159,"column":5}},"76":{"start":{"line":154,"column":21},"end":{"line":154,"column":45}},"77":{"start":{"line":155,"column":6},"end":{"line":157,"column":7}},"78":{"start":{"line":156,"column":8},"end":{"line":156,"column":32}},"79":{"start":{"line":158,"column":6},"end":{"line":158,"column":41}},"80":{"start":{"line":161,"column":4},"end":{"line":165,"column":5}},"81":{"start":{"line":162,"column":6},"end":{"line":164,"column":7}},"82":{"start":{"line":163,"column":8},"end":{"line":163,"column":58}},"83":{"start":{"line":167,"column":4},"end":{"line":167,"column":114}},"84":{"start":{"line":168,"column":4},"end":{"line":168,"column":75}},"85":{"start":{"line":170,"column":4},"end":{"line":170,"column":64}},"86":{"start":{"line":171,"column":4},"end":{"line":171,"column":16}}},"fnMap":{"0":{"name":"(anonymous_0)","decl":{"start":{"line":6,"column":24},"end":{"line":6,"column":25}},"loc":{"start":{"line":6,"column":36},"end":{"line":31,"column":1}},"line":6},"1":{"name":"(anonymous_1)","decl":{"start":{"line":34,"column":25},"end":{"line":34,"column":26}},"loc":{"start":{"line":34,"column":37},"end":{"line":48,"column":1}},"line":34},"2":{"name":"(anonymous_2)","decl":{"start":{"line":51,"column":41},"end":{"line":51,"column":42}},"loc":{"start":{"line":51,"column":69},"end":{"line":124,"column":1}},"line":51},"3":{"name":"(anonymous_3)","decl":{"start":{"line":71,"column":11},"end":{"line":71,"column":12}},"loc":{"start":{"line":71,"column":21},"end":{"line":71,"column":32}},"line":71},"4":{"name":"(anonymous_4)","decl":{"start":{"line":127,"column":45},"end":{"line":127,"column":46}},"loc":{"start":{"line":127,"column":63},"end":{"line":143,"column":1}},"line":127},"5":{"name":"(anonymous_5)","decl":{"start":{"line":146,"column":38},"end":{"line":146,"column":39}},"loc":{"start":{"line":146,"column":50},"end":{"line":173,"column":1}},"line":146}},"branchMap":{"0":{"loc":{"start":{"line":7,"column":2},"end":{"line":7,"column":27}},"type":"if","locations":[{"start":{"line":7,"column":2},"end":{"line":7,"column":27}},{"start":{},"end":{}}],"line":7},"1":{"loc":{"start":{"line":11,"column":2},"end":{"line":18,"column":3}},"type":"if","locations":[{"start":{"line":11,"column":2},"end":{"line":18,"column":3}},{"start":{},"end":{}}],"line":11},"2":{"loc":{"start":{"line":14,"column":4},"end":{"line":16,"column":5}},"type":"if","locations":[{"start":{"line":14,"column":4},"end":{"line":16,"column":5}},{"start":{},"end":{}}],"line":14},"3":{"loc":{"start":{"line":24,"column":2},"end":{"line":28,"column":3}},"type":"if","locations":[{"start":{"line":24,"column":2},"end":{"line":28,"column":3}},{"start":{"line":26,"column":9},"end":{"line":28,"column":3}}],"line":24},"4":{"loc":{"start":{"line":24,"column":6},"end":{"line":24,"column":37}},"type":"binary-expr","locations":[{"start":{"line":24,"column":6},"end":{"line":24,"column":21}},{"start":{"line":24,"column":25},"end":{"line":24,"column":37}}],"line":24},"5":{"loc":{"start":{"line":26,"column":9},"end":{"line":28,"column":3}},"type":"if","locations":[{"start":{"line":26,"column":9},"end":{"line":28,"column":3}},{"start":{},"end":{}}],"line":26},"6":{"loc":{"start":{"line":26,"column":13},"end":{"line":26,"column":44}},"type":"binary-expr","locations":[{"start":{"line":26,"column":13},"end":{"line":26,"column":28}},{"start":{"line":26,"column":32},"end":{"line":26,"column":44}}],"line":26},"7":{"loc":{"start":{"line":35,"column":2},"end":{"line":35,"column":27}},"type":"if","locations":[{"start":{"line":35,"column":2},"end":{"line":35,"column":27}},{"start":{},"end":{}}],"line":35},"8":{"loc":{"start":{"line":43,"column":2},"end":{"line":45,"column":3}},"type":"if","locations":[{"start":{"line":43,"column":2},"end":{"line":45,"column":3}},{"start":{},"end":{}}],"line":43},"9":{"loc":{"start":{"line":53,"column":4},"end":{"line":56,"column":5}},"type":"if","locations":[{"start":{"line":53,"column":4},"end":{"line":56,"column":5}},{"start":{},"end":{}}],"line":53},"10":{"loc":{"start":{"line":53,"column":8},"end":{"line":53,"column":56}},"type":"binary-expr","locations":[{"start":{"line":53,"column":8},"end":{"line":53,"column":17}},{"start":{"line":53,"column":21},"end":{"line":53,"column":34}},{"start":{"line":53,"column":38},"end":{"line":53,"column":56}}],"line":53},"11":{"loc":{"start":{"line":64,"column":4},"end":{"line":66,"column":5}},"type":"if","locations":[{"start":{"line":64,"column":4},"end":{"line":66,"column":5}},{"start":{},"end":{}}],"line":64},"12":{"loc":{"start":{"line":74,"column":4},"end":{"line":77,"column":5}},"type":"if","locations":[{"start":{"line":74,"column":4},"end":{"line":77,"column":5}},{"start":{},"end":{}}],"line":74},"13":{"loc":{"start":{"line":83,"column":8},"end":{"line":86,"column":9}},"type":"if","locations":[{"start":{"line":83,"column":8},"end":{"line":86,"column":9}},{"start":{},"end":{}}],"line":83},"14":{"loc":{"start":{"line":91,"column":8},"end":{"line":94,"column":9}},"type":"if","locations":[{"start":{"line":91,"column":8},"end":{"line":94,"column":9}},{"start":{},"end":{}}],"line":91},"15":{"loc":{"start":{"line":115,"column":4},"end":{"line":119,"column":5}},"type":"if","locations":[{"start":{"line":115,"column":4},"end":{"line":119,"column":5}},{"start":{"line":117,"column":11},"end":{"line":119,"column":5}}],"line":115},"16":{"loc":{"start":{"line":155,"column":6},"end":{"line":157,"column":7}},"type":"if","locations":[{"start":{"line":155,"column":6},"end":{"line":157,"column":7}},{"start":{},"end":{}}],"line":155}},"s":{"0":1,"1":0,"2":0,"3":0,"4":0,"5":0,"6":0,"7":0,"8":0,"9":0,"10":0,"11":0,"12":0,"13":0,"14":0,"15":0,"16":0,"17":1,"18":0,"19":0,"20":0,"21":0,"22":0,"23":0,"24":0,"25":0,"26":0,"27":1,"28":0,"29":0,"30":0,"31":0,"32":0,"33":0,"34":0,"35":0,"36":0,"37":0,"38":0,"39":0,"40":0,"41":0,"42":0,"43":0,"44":0,"45":0,"46":0,"47":0,"48":0,"49":0,"50":0,"51":0,"52":0,"53":0,"54":0,"55":0,"56":0,"57":0,"58":0,"59":0,"60":1,"61":0,"62":0,"63":0,"64":0,"65":0,"66":0,"67":0,"68":0,"69":0,"70":1,"71":0,"72":0,"73":0,"74":0,"75":0,"76":0,"77":0,"78":0,"79":0,"80":0,"81":0,"82":0,"83":0,"84":0,"85":0,"86":0},"f":{"0":0,"1":0,"2":0,"3":0,"4":0,"5":0},"b":{"0":[0,0],"1":[0,0],"2":[0,0],"3":[0,0],"4":[0,0],"5":[0,0],"6":[0,0],"7":[0,0],"8":[0,0],"9":[0,0],"10":[0,0,0],"11":[0,0],"12":[0,0],"13":[0,0],"14":[0,0],"15":[0,0],"16":[0,0]},"inputSourceMap":null,"_coverageSchema":"1a1c01bbd47fc00a2c39e90264f33305004495a9","hash":"bd991508fbf44e71b32538fe01db364577f16401"}
,"C:\\Users\\user\\OneDrive\\Documents\\WindSurf\\MedAlert\\Prototype_1\\medalert\\backend\\utils\\sendEmail.js": {"path":"C:\\Users\\user\\OneDrive\\Documents\\WindSurf\\MedAlert\\Prototype_1\\medalert\\backend\\utils\\sendEmail.js","statementMap":{"0":{"start":{"line":5,"column":0},"end":{"line":5,"column":16}},"1":{"start":{"line":8,"column":18},"end":{"line":8,"column":22}},"2":{"start":{"line":11,"column":0},"end":{"line":43,"column":1}},"3":{"start":{"line":17,"column":2},"end":{"line":26,"column":5}},"4":{"start":{"line":29,"column":2},"end":{"line":35,"column":5}},"5":{"start":{"line":30,"column":4},"end":{"line":34,"column":5}},"6":{"start":{"line":31,"column":6},"end":{"line":31,"column":79}},"7":{"start":{"line":33,"column":6},"end":{"line":33,"column":65}},"8":{"start":{"line":37,"column":2},"end":{"line":39,"column":4}},"9":{"start":{"line":40,"column":2},"end":{"line":42,"column":4}},"10":{"start":{"line":45,"column":25},"end":{"line":92,"column":1}},"11":{"start":{"line":47,"column":2},"end":{"line":50,"column":3}},"12":{"start":{"line":48,"column":4},"end":{"line":48,"column":60}},"13":{"start":{"line":49,"column":4},"end":{"line":49,"column":11}},"14":{"start":{"line":53,"column":2},"end":{"line":56,"column":3}},"15":{"start":{"line":54,"column":4},"end":{"line":54,"column":50}},"16":{"start":{"line":55,"column":4},"end":{"line":55,"column":11}},"17":{"start":{"line":58,"column":22},"end":{"line":74,"column":3}},"18":{"start":{"line":76,"column":2},"end":{"line":91,"column":3}},"19":{"start":{"line":77,"column":17},"end":{"line":77,"column":56}},"20":{"start":{"line":78,"column":4},"end":{"line":78,"column":52}},"21":{"start":{"line":79,"column":4},"end":{"line":79,"column":50}},"22":{"start":{"line":80,"column":4},"end":{"line":80,"column":16}},"23":{"start":{"line":82,"column":4},"end":{"line":82,"column":51}},"24":{"start":{"line":83,"column":4},"end":{"line":89,"column":5}},"25":{"start":{"line":84,"column":6},"end":{"line":86,"column":8}},"26":{"start":{"line":87,"column":11},"end":{"line":89,"column":5}},"27":{"start":{"line":88,"column":6},"end":{"line":88,"column":59}},"28":{"start":{"line":90,"column":4},"end":{"line":90,"column":16}}},"fnMap":{"0":{"name":"(anonymous_0)","decl":{"start":{"line":29,"column":21},"end":{"line":29,"column":22}},"loc":{"start":{"line":29,"column":41},"end":{"line":35,"column":3}},"line":29},"1":{"name":"(anonymous_1)","decl":{"start":{"line":45,"column":25},"end":{"line":45,"column":26}},"loc":{"start":{"line":45,"column":60},"end":{"line":92,"column":1}},"line":45}},"branchMap":{"0":{"loc":{"start":{"line":11,"column":0},"end":{"line":43,"column":1}},"type":"if","locations":[{"start":{"line":11,"column":0},"end":{"line":43,"column":1}},{"start":{"line":36,"column":7},"end":{"line":43,"column":1}}],"line":11},"1":{"loc":{"start":{"line":12,"column":2},"end":{"line":15,"column":46}},"type":"binary-expr","locations":[{"start":{"line":12,"column":2},"end":{"line":12,"column":24}},{"start":{"line":13,"column":2},"end":{"line":13,"column":32}},{"start":{"line":14,"column":2},"end":{"line":14,"column":38}},{"start":{"line":15,"column":2},"end":{"line":15,"column":46}}],"line":12},"2":{"loc":{"start":{"line":30,"column":4},"end":{"line":34,"column":5}},"type":"if","locations":[{"start":{"line":30,"column":4},"end":{"line":34,"column":5}},{"start":{"line":32,"column":11},"end":{"line":34,"column":5}}],"line":30},"3":{"loc":{"start":{"line":47,"column":2},"end":{"line":50,"column":3}},"type":"if","locations":[{"start":{"line":47,"column":2},"end":{"line":50,"column":3}},{"start":{},"end":{}}],"line":47},"4":{"loc":{"start":{"line":53,"column":2},"end":{"line":56,"column":3}},"type":"if","locations":[{"start":{"line":53,"column":2},"end":{"line":56,"column":3}},{"start":{},"end":{}}],"line":53},"5":{"loc":{"start":{"line":53,"column":6},"end":{"line":53,"column":30}},"type":"binary-expr","locations":[{"start":{"line":53,"column":6},"end":{"line":53,"column":9}},{"start":{"line":53,"column":13},"end":{"line":53,"column":30}}],"line":53},"6":{"loc":{"start":{"line":59,"column":10},"end":{"line":59,"column":55}},"type":"binary-expr","locations":[{"start":{"line":59,"column":10},"end":{"line":59,"column":32}},{"start":{"line":59,"column":36},"end":{"line":59,"column":55}}],"line":59},"7":{"loc":{"start":{"line":64,"column":6},"end":{"line":73,"column":13}},"type":"binary-expr","locations":[{"start":{"line":64,"column":6},"end":{"line":64,"column":10}},{"start":{"line":65,"column":6},"end":{"line":73,"column":13}}],"line":64},"8":{"loc":{"start":{"line":83,"column":4},"end":{"line":89,"column":5}},"type":"if","locations":[{"start":{"line":83,"column":4},"end":{"line":89,"column":5}},{"start":{"line":87,"column":11},"end":{"line":89,"column":5}}],"line":83},"9":{"loc":{"start":{"line":87,"column":11},"end":{"line":89,"column":5}},"type":"if","locations":[{"start":{"line":87,"column":11},"end":{"line":89,"column":5}},{"start":{},"end":{}}],"line":87}},"s":{"0":1,"1":1,"2":1,"3":1,"4":1,"5":0,"6":0,"7":0,"8":0,"9":0,"10":1,"11":0,"12":0,"13":0,"14":0,"15":0,"16":0,"17":0,"18":0,"19":0,"20":0,"21":0,"22":0,"23":0,"24":0,"25":0,"26":0,"27":0,"28":0},"f":{"0":0,"1":0},"b":{"0":[1,0],"1":[1,1,1,1],"2":[0,0],"3":[0,0],"4":[0,0],"5":[0,0],"6":[0,0],"7":[0,0],"8":[0,0],"9":[0,0]},"inputSourceMap":null,"_coverageSchema":"1a1c01bbd47fc00a2c39e90264f33305004495a9","hash":"66e94271a396a1f38ac3349c1abe2e6d93ba329f"}
,"C:\\Users\\user\\OneDrive\\Documents\\WindSurf\\MedAlert\\Prototype_1\\medalert\\backend\\utils\\sendPush.js": {"path":"C:\\Users\\user\\OneDrive\\Documents\\WindSurf\\MedAlert\\Prototype_1\\medalert\\backend\\utils\\sendPush.js","statementMap":{"0":{"start":{"line":5,"column":0},"end":{"line":5,"column":16}},"1":{"start":{"line":8,"column":0},"end":{"line":14,"column":1}},"2":{"start":{"line":9,"column":2},"end":{"line":13,"column":4}},"3":{"start":{"line":16,"column":24},"end":{"line":28,"column":1}},"4":{"start":{"line":17,"column":2},"end":{"line":20,"column":3}},"5":{"start":{"line":18,"column":4},"end":{"line":18,"column":77}},"6":{"start":{"line":19,"column":4},"end":{"line":19,"column":11}},"7":{"start":{"line":22,"column":2},"end":{"line":27,"column":3}},"8":{"start":{"line":23,"column":4},"end":{"line":23,"column":74}},"9":{"start":{"line":24,"column":4},"end":{"line":24,"column":44}},"10":{"start":{"line":26,"column":4},"end":{"line":26,"column":63}}},"fnMap":{"0":{"name":"(anonymous_0)","decl":{"start":{"line":16,"column":24},"end":{"line":16,"column":25}},"loc":{"start":{"line":16,"column":57},"end":{"line":28,"column":1}},"line":16}},"branchMap":{"0":{"loc":{"start":{"line":8,"column":0},"end":{"line":14,"column":1}},"type":"if","locations":[{"start":{"line":8,"column":0},"end":{"line":14,"column":1}},{"start":{},"end":{}}],"line":8},"1":{"loc":{"start":{"line":8,"column":4},"end":{"line":8,"column":65}},"type":"binary-expr","locations":[{"start":{"line":8,"column":4},"end":{"line":8,"column":32}},{"start":{"line":8,"column":36},"end":{"line":8,"column":65}}],"line":8},"2":{"loc":{"start":{"line":17,"column":2},"end":{"line":20,"column":3}},"type":"if","locations":[{"start":{"line":17,"column":2},"end":{"line":20,"column":3}},{"start":{},"end":{}}],"line":17},"3":{"loc":{"start":{"line":17,"column":6},"end":{"line":17,"column":69}},"type":"binary-expr","locations":[{"start":{"line":17,"column":6},"end":{"line":17,"column":35}},{"start":{"line":17,"column":39},"end":{"line":17,"column":69}}],"line":17}},"s":{"0":1,"1":1,"2":1,"3":1,"4":0,"5":0,"6":0,"7":0,"8":0,"9":0,"10":0},"f":{"0":0},"b":{"0":[1,0],"1":[1,1],"2":[0,0],"3":[0,0]},"inputSourceMap":null,"_coverageSchema":"1a1c01bbd47fc00a2c39e90264f33305004495a9","hash":"a35bc1b1b593b28257e04d200d85143fbfcb3cd0"}
,"C:\\Users\\user\\OneDrive\\Documents\\WindSurf\\MedAlert\\Prototype_1\\medalert\\backend\\utils\\sendSMS.js": {"path":"C:\\Users\\user\\OneDrive\\Documents\\WindSurf\\MedAlert\\Prototype_1\\medalert\\backend\\utils\\sendSMS.js","statementMap":{"0":{"start":{"line":5,"column":0},"end":{"line":5,"column":16}},"1":{"start":{"line":8,"column":13},"end":{"line":8,"column":17}},"2":{"start":{"line":9,"column":19},"end":{"line":9,"column":57}},"3":{"start":{"line":10,"column":18},"end":{"line":10,"column":55}},"4":{"start":{"line":12,"column":0},"end":{"line":26,"column":1}},"5":{"start":{"line":14,"column":2},"end":{"line":25,"column":3}},"6":{"start":{"line":15,"column":4},"end":{"line":21,"column":5}},"7":{"start":{"line":16,"column":6},"end":{"line":18,"column":7}},"8":{"start":{"line":17,"column":8},"end":{"line":17,"column":47}},"9":{"start":{"line":20,"column":6},"end":{"line":20,"column":72}},"10":{"start":{"line":22,"column":9},"end":{"line":25,"column":3}},"11":{"start":{"line":24,"column":4},"end":{"line":24,"column":85}},"12":{"start":{"line":28,"column":23},"end":{"line":44,"column":1}},"13":{"start":{"line":29,"column":2},"end":{"line":32,"column":3}},"14":{"start":{"line":30,"column":4},"end":{"line":30,"column":59}},"15":{"start":{"line":31,"column":4},"end":{"line":31,"column":11}},"16":{"start":{"line":34,"column":2},"end":{"line":43,"column":3}},"17":{"start":{"line":35,"column":4},"end":{"line":39,"column":7}},"18":{"start":{"line":40,"column":4},"end":{"line":40,"column":37}},"19":{"start":{"line":42,"column":4},"end":{"line":42,"column":49}}},"fnMap":{"0":{"name":"(anonymous_0)","decl":{"start":{"line":28,"column":23},"end":{"line":28,"column":24}},"loc":{"start":{"line":28,"column":43},"end":{"line":44,"column":1}},"line":28}},"branchMap":{"0":{"loc":{"start":{"line":12,"column":0},"end":{"line":26,"column":1}},"type":"if","locations":[{"start":{"line":12,"column":0},"end":{"line":26,"column":1}},{"start":{},"end":{}}],"line":12},"1":{"loc":{"start":{"line":12,"column":4},"end":{"line":12,"column":68}},"type":"binary-expr","locations":[{"start":{"line":12,"column":4},"end":{"line":12,"column":14}},{"start":{"line":12,"column":18},"end":{"line":12,"column":27}},{"start":{"line":12,"column":31},"end":{"line":12,"column":48}},{"start":{"line":12,"column":52},"end":{"line":12,"column":68}}],"line":12},"2":{"loc":{"start":{"line":14,"column":2},"end":{"line":25,"column":3}},"type":"if","locations":[{"start":{"line":14,"column":2},"end":{"line":25,"column":3}},{"start":{"line":22,"column":9},"end":{"line":25,"column":3}}],"line":14},"3":{"loc":{"start":{"line":14,"column":6},"end":{"line":14,"column":77}},"type":"binary-expr","locations":[{"start":{"line":14,"column":6},"end":{"line":14,"column":33}},{"start":{"line":14,"column":37},"end":{"line":14,"column":77}}],"line":14},"4":{"loc":{"start":{"line":16,"column":6},"end":{"line":18,"column":7}},"type":"if","locations":[{"start":{"line":16,"column":6},"end":{"line":18,"column":7}},{"start":{},"end":{}}],"line":16},"5":{"loc":{"start":{"line":22,"column":9},"end":{"line":25,"column":3}},"type":"if","locations":[{"start":{"line":22,"column":9},"end":{"line":25,"column":3}},{"start":{},"end":{}}],"line":22},"6":{"loc":{"start":{"line":29,"column":2},"end":{"line":32,"column":3}},"type":"if","locations":[{"start":{"line":29,"column":2},"end":{"line":32,"column":3}},{"start":{},"end":{}}],"line":29}},"s":{"0":1,"1":1,"2":1,"3":1,"4":1,"5":1,"6":0,"7":0,"8":0,"9":0,"10":1,"11":1,"12":1,"13":0,"14":0,"15":0,"16":0,"17":0,"18":0,"19":0},"f":{"0":0},"b":{"0":[1,0],"1":[1,1,1,1],"2":[0,1],"3":[1,1],"4":[0,0],"5":[1,0],"6":[0,0]},"inputSourceMap":null,"_coverageSchema":"1a1c01bbd47fc00a2c39e90264f33305004495a9","hash":"d4d2db40fc424e772971a0f689dd00507d022178"}
}
